OgrKNFeLwyblDoagRtMd 2093031292
OgrKNFeLwyblDoagRtMd 2093031292
OgrKNFeLwyblDoagRtMd 2093031292
OgrKNFeLwyblDoagRtMd 2093031292
NsZkdyU 2787994387
NsZkdyU 2787994387
NsZkdyU 2787994387
yhyppvpLW 3368146896
SFrvEXjPAJ 2912136554
SFrvEXjPAJ 2912136554
NsZkdyU 4052002648
NsZkdyU 4052002648
NsZkdyU 4052002648
NsZkdyU 4052002648
NsZkdyU 3918005276
NsZkdyU 3918005276
NsZkdyU 3918005276
NsZkdyU 3918005276
NsZkdyU 3918005276
NsZkdyU 3918005276
NsZkdyU 3918005276
yhyppvpLW 4526738954
NsZkdyU 3918005276
NsZkdyU 3918005276
NsZkdyU 3918005276
yhyppvpLW 4526738954
NsZkdyU 3918005276
yhyppvpLW 4526738954
yhyppvpLW 4526738954
yhyppvpLW 4526738954
yhyppvpLW 4526738954
NsZkdyU 4687246535
NsZkdyU 4687246535
NsZkdyU 4687246535
NsZkdyU 4687246535
NsZkdyU 4687246535
NsZkdyU 4687246535
NsZkdyU 4687246535
NsZkdyU 4687246535
NsZkdyU 4687246535
NsZkdyU 4687246535
NsZkdyU 4687246535
NsZkdyU 4687246535
NsZkdyU 4687246535
NsZkdyU 4687246535
NsZkdyU 4687246535
NsZkdyU 4687246535
NsZkdyU 4687246535
NsZkdyU 4687246535
NsZkdyU 4687246535
NsZkdyU 4687246535
NsZkdyU 4687246535
NsZkdyU 4687246535
NsZkdyU 4687246535
NsZkdyU 4687246535
NsZkdyU 4687246535
NsZkdyU 4687246535
yhyppvpLW 5034820487
NsZkdyU 4687246535
yhyppvpLW 5034820487
yhyppvpLW 5034820487
NsZkdyU 4687246535
yhyppvpLW 5034820487
yhyppvpLW 5034820487
yhyppvpLW 5034820487
NsZkdyU 4687246535
yhyppvpLW 5034820487
NsZkdyU 4687246535
yhyppvpLW 5034820487
yhyppvpLW 5034820487
yhyppvpLW 5034820487
yhyppvpLW 5034820487
yhyppvpLW 5034820487
JotaLZQczrJ 6265045086
JotaLZQczrJ 6265045086
JotaLZQczrJ 6265045086
JotaLZQczrJ 8316159964
NsZkdyU 4687246535
JotaLZQczrJ 8316159964
NsZkdyU 4787219543
JotaLZQczrJ 8316159964
NsZkdyU 4787219543
JotaLZQczrJ 8316159964
JotaLZQczrJ 8316159964
NsZkdyU 4787219543
JotaLZQczrJ 8316159964
JotaLZQczrJ 8316159964
JotaLZQczrJ 8316159964
JotaLZQczrJ 8316159964
JotaLZQczrJ 8316159964
JotaLZQczrJ 8674550003
NsZkdyU 4787219543
NsZkdyU 4787219543
JotaLZQczrJ 8674550003
JotaLZQczrJ 8674550003
JotaLZQczrJ 8674550003
NsZkdyU 4787219543
JotaLZQczrJ 8674550003
JotaLZQczrJ 8674550003
JotaLZQczrJ 8674550003
