tsPYgYkJytaoIy 188191936
v 140174477
v 98083128
v 98083128
v -101136847
ymWPjXfWRPjAG 1778912501
ymWPjXfWRPjAG 857505692
ymWPjXfWRPjAG 2029966815
v -101136847
ymWPjXfWRPjAG 2029966815
v -101136847
v 235311417
v 235311417
ymWPjXfWRPjAG 1908793673
ymWPjXfWRPjAG 1908793673
v 2355340970
v 4864268904
v 4864268904
v 4046059753
v 3811768632
v 1843982389
v 1843982389
v 499339236
v 499339236
v -485222827
v -485222827
v 965736792
v 965736792
v 965736792
v 965736792
PP 1799558292
v 3737378451
v 3737378451
v 3737378451
v 3175878117
v 3175878117
v 3175878117
v 3175878117
v 1067167490
v 1067167490
v 2216136060
