PLcDJYbFVbWyODGtMHjg 2072732379
PLcDJYbFVbWyODGtMHjg 1621825181
nEoiPnPbPXoXjBIJdEl 2290329021
PLcDJYbFVbWyODGtMHjg -259390121
RayNcMuHRBnHO 4063405752
PLcDJYbFVbWyODGtMHjg -259390121
PLcDJYbFVbWyODGtMHjg -259390121
PLcDJYbFVbWyODGtMHjg 1119577267
PLcDJYbFVbWyODGtMHjg 2476386445
PLcDJYbFVbWyODGtMHjg 2476386445
PLcDJYbFVbWyODGtMHjg 2476386445
nEoiPnPbPXoXjBIJdEl 5097630087
PLcDJYbFVbWyODGtMHjg 454087712
nEoiPnPbPXoXjBIJdEl 5097630087
nEoiPnPbPXoXjBIJdEl 5914718607
PLcDJYbFVbWyODGtMHjg 454087712
RayNcMuHRBnHO 6353958096
PLcDJYbFVbWyODGtMHjg 454087712
nEoiPnPbPXoXjBIJdEl 7386304473
PLcDJYbFVbWyODGtMHjg 1792384791
nEoiPnPbPXoXjBIJdEl 7386304473
PLcDJYbFVbWyODGtMHjg 2521867347
PLcDJYbFVbWyODGtMHjg 2521867347
PLcDJYbFVbWyODGtMHjg 2521867347
RayNcMuHRBnHO 7812680962
PLcDJYbFVbWyODGtMHjg 2624764799
PLcDJYbFVbWyODGtMHjg 1648341053
PLcDJYbFVbWyODGtMHjg 5054040646
PLcDJYbFVbWyODGtMHjg 5054040646
PLcDJYbFVbWyODGtMHjg 5054040646
PLcDJYbFVbWyODGtMHjg 5054040646
PLcDJYbFVbWyODGtMHjg 6465198524
PLcDJYbFVbWyODGtMHjg 6465198524
PLcDJYbFVbWyODGtMHjg 7084578385
PLcDJYbFVbWyODGtMHjg 6275801114
PLcDJYbFVbWyODGtMHjg 6275801114
PLcDJYbFVbWyODGtMHjg 6275801114
PLcDJYbFVbWyODGtMHjg 8290213133
PLcDJYbFVbWyODGtMHjg 8290213133
PLcDJYbFVbWyODGtMHjg 8290213133
PLcDJYbFVbWyODGtMHjg 7625099034
PLcDJYbFVbWyODGtMHjg 7625099034
PLcDJYbFVbWyODGtMHjg 7625099034
PLcDJYbFVbWyODGtMHjg 7625099034
PLcDJYbFVbWyODGtMHjg 7770965902
PLcDJYbFVbWyODGtMHjg 7776395769
nEoiPnPbPXoXjBIJdEl 7987112296
PLcDJYbFVbWyODGtMHjg 7325242739
