dpXxxvUmTs 2141377362
dpXxxvUmTs 2056614757
mgCJklrOX 3016861867
dpXxxvUmTs 2056614757
dpXxxvUmTs 2056614757
AHnZrK 3116825726
mgCJklrOX 3016861867
dpXxxvUmTs 2056614757
dpXxxvUmTs 2056614757
XBWLyyCBKOekGzZJtiq 3200655530
XBWLyyCBKOekGzZJtiq 2654329902
XBWLyyCBKOekGzZJtiq 2654329902
XBWLyyCBKOekGzZJtiq 2654329902
XBWLyyCBKOekGzZJtiq 2654329902
dpXxxvUmTs 2056614757
IdPNKBeBCU 1438220606
XBWLyyCBKOekGzZJtiq 2654329902
mgCJklrOX 5069571435
mgCJklrOX 5069571435
dpXxxvUmTs 2056614757
dpXxxvUmTs 2056614757
mgCJklrOX 5069571435
mgCJklrOX 5069571435
mgCJklrOX 5069571435
XBWLyyCBKOekGzZJtiq 2654329902
XBWLyyCBKOekGzZJtiq 2654329902
mgCJklrOX 5069571435
IdPNKBeBCU 1438220606
mgCJklrOX 5069571435
IdPNKBeBCU 1438220606
dpXxxvUmTs 3347427425
iwcDlXTcde 3948120241
iwcDlXTcde 3948120241
mgCJklrOX 5069571435
dpXxxvUmTs 3347427425
IdPNKBeBCU 1438220606
mgCJklrOX 5949946871
mgCJklrOX 5949946871
mgCJklrOX 5949946871
mgCJklrOX 5949946871
mgCJklrOX 5949946871
IdPNKBeBCU 1438220606
mgCJklrOX 5949946871
iwcDlXTcde 4128130286
mgCJklrOX 5949946871
dpXxxvUmTs 1529997875
mgCJklrOX 5736506715
mgCJklrOX 5736506715
mgCJklrOX 6834043174
dpXxxvUmTs 1529997875
dpXxxvUmTs 1529997875
mgCJklrOX 6834043174
cGnXbtoaNuGbSfX 1999981995
cGnXbtoaNuGbSfX 1999981995
mgCJklrOX 6834043174
IdPNKBeBCU 1289638659
IdPNKBeBCU 1289638659
iwcDlXTcde 4128130286
mgCJklrOX 6834043174
IdPNKBeBCU 1289638659
mgCJklrOX 6834043174
mgCJklrOX 6834043174
cGnXbtoaNuGbSfX 1999981995
IdPNKBeBCU 1289638659
mgCJklrOX 6834043174
mgCJklrOX 6834043174
cGnXbtoaNuGbSfX 1999981995
cGnXbtoaNuGbSfX 1999981995
dpXxxvUmTs 1529997875
JNzFJke 1310169427
mgCJklrOX 6834043174
PbLpvMnVxXqh 7831269837
dpXxxvUmTs 1529997875
iwcDlXTcde 4128130286
cGnXbtoaNuGbSfX 1999981995
cGnXbtoaNuGbSfX 1999981995
cGnXbtoaNuGbSfX 1999981995
PbLpvMnVxXqh 7831269837
cGnXbtoaNuGbSfX 1999981995
mgCJklrOX 6834043174
PbLpvMnVxXqh 7831269837
dpXxxvUmTs 1529997875
JNzFJke 1310169427
iwcDlXTcde 6086101071
