gwLADUNyFxtvNHKAL 2147407370
PTyY 2105679596
PTyY 2105679596
gwLADUNyFxtvNHKAL 2147407370
PTyY 2105679596
rv 2308648492
is 3437710963
is 3437710963
is 3437710963
is 3437710963
is 3437710963
PTyY 2105679596
is 3437710963
is 3437710963
is 3437710963
hOGTBsehTuXps 2579962075
is 3437710963
is 3437710963
is 3437710963
hOGTBsehTuXps 2579962075
is 3437710963
is 3437710963
is 3437710963
is 3437710963
is 3437710963
apXQvffxBpuBrSh 1104495589
GE 2587100881
QJmMdT 3726699194
dUpviIcwK 3949168454
dUpviIcwK 3949168454
PhN 3271144953
is 3437710963
EXCrpvH 1566859234
is 3437710963
dUpviIcwK 3949168454
hCfHunfxJKJE 3693960376
hCfHunfxJKJE 3693960376
DKNBilhplVpDqAI 3978270863
DKNBilhplVpDqAI 3978270863
VuvlsHlSJEnFwAAFjwQL 3978513888
myvu 2732986531
DKNBilhplVpDqAI 3978270863
DKNBilhplVpDqAI 3978270863
rui 1785036709
DKNBilhplVpDqAI 3978270863
DKNBilhplVpDqAI 3978270863
DKNBilhplVpDqAI 3978270863
DKNBilhplVpDqAI 3978270863
DKNBilhplVpDqAI 3978270863
DKNBilhplVpDqAI 3978270863
VuvlsHlSJEnFwAAFjwQL 3978513888
DKNBilhplVpDqAI 3978270863
VuvlsHlSJEnFwAAFjwQL 3978513888
VuvlsHlSJEnFwAAFjwQL 3978513888
DKNBilhplVpDqAI 3978270863
DKNBilhplVpDqAI 3978270863
DKNBilhplVpDqAI 3978270863
DKNBilhplVpDqAI 3978270863
VuvlsHlSJEnFwAAFjwQL 3978513888
myvu 2732986531
