EAraJYGjVDXIY 2132548297
EAraJYGjVDXIY 2132548297
EAraJYGjVDXIY 2132548297
ggeAYXEQXTRRz 2095641272
uLzxveqVzYVcNj 5238187604
rWInxpNqesEWABFzdU 3101232853
tnmQjwm 2134476094
rWInxpNqesEWABFzdU 3101232853
tnmQjwm 4177710377
IHaAMbscSiMpyKavW 2314155184
STwxpEtBEtKfyKPyXRL 3040080796
STwxpEtBEtKfyKPyXRL 3040080796
tnmQjwm 4177710377
STwxpEtBEtKfyKPyXRL 3040080796
tnmQjwm 4177710377
STwxpEtBEtKfyKPyXRL 3040080796
tnmQjwm 4177710377
STwxpEtBEtKfyKPyXRL 3040080796
uLzxveqVzYVcNj 5238187604
tnmQjwm 4177710377
tnmQjwm 4177710377
tnmQjwm 4177710377
STwxpEtBEtKfyKPyXRL 3040080796
tnmQjwm 4177710377
tnmQjwm 4177710377
tnmQjwm 4177710377
tnmQjwm 4177710377
tnmQjwm 4177710377
tnmQjwm 4177710377
STwxpEtBEtKfyKPyXRL 3040080796
STwxpEtBEtKfyKPyXRL 3040080796
STwxpEtBEtKfyKPyXRL 3040080796
tnmQjwm 4177710377
tnmQjwm 4177710377
tnmQjwm 4177710377
tnmQjwm 4177710377
STwxpEtBEtKfyKPyXRL 3040080796
STwxpEtBEtKfyKPyXRL 3721339573
STwxpEtBEtKfyKPyXRL 3721339573
STwxpEtBEtKfyKPyXRL 3721339573
tnmQjwm 4177710377
tnmQjwm 4177710377
tnmQjwm 4177710377
tnmQjwm 4177710377
STwxpEtBEtKfyKPyXRL 3721339573
STwxpEtBEtKfyKPyXRL 3721339573
tnmQjwm 4177710377
STwxpEtBEtKfyKPyXRL 3721339573
tnmQjwm 4177710377
tnmQjwm 4177710377
tnmQjwm 4177710377
STwxpEtBEtKfyKPyXRL 3721339573
tnmQjwm 4177710377
tnmQjwm 4177710377
tnmQjwm 4177710377
tnmQjwm 4177710377
tnmQjwm 4177710377
tnmQjwm 4177710377
tnmQjwm 4177710377
STwxpEtBEtKfyKPyXRL 3721339573
STwxpEtBEtKfyKPyXRL 3721339573
tnmQjwm 4177710377
tnmQjwm 4177710377
