m 2407131547
m 2407131547
qEgKtjcwKFxW 191165292
m 2407131547
yoruNGQDsOepwXzt 3247083973
m 2605314220
RXjEGWfxbb 3375541666
m 2605314220
RXjEGWfxbb 3375541666
qEgKtjcwKFxW -358406064
RXjEGWfxbb 3375541666
yoruNGQDsOepwXzt 3247083973
m 2872268414
m 2848424751
yoruNGQDsOepwXzt 5361530369
m 5027135107
yoruNGQDsOepwXzt 5361530369
yoruNGQDsOepwXzt 6717719184
m 3951211222
qEgKtjcwKFxW -886827565
m 3951211222
yoruNGQDsOepwXzt 6717719184
qEgKtjcwKFxW -886827565
m 3951211222
m 3951211222
m 3951211222
F 6191438240
F 6191438240
qEgKtjcwKFxW -3149546314
F 7052720144
m 2638038030
F 6271951482
m 854679479
qEgKtjcwKFxW -3881028949
m 1519603641
F 8064717727
m 1519603641
F 8064717727
m 1519603641
F 8064717727
F 8064717727
F 8064717727
qEgKtjcwKFxW -3881028949
m 1519603641
yoruNGQDsOepwXzt 4433344023
F 10121453647
m 1519603641
qEgKtjcwKFxW -3881028949
m 1519603641
F 9654373383
qEgKtjcwKFxW -3119030274
F 9654373383
F 9654373383
m -630639284
F 9654373383
F 11324341145
yoruNGQDsOepwXzt 3092552714
yoruNGQDsOepwXzt 3092552714
F 11040301409
qEgKtjcwKFxW -5100202356
qEgKtjcwKFxW -5100202356
F 11236496872
F 11948108400
F 14850917311
F 14850917311
F 14850917311
F 16152092433
m 2690177990
qEgKtjcwKFxW -5100202356
F 16933660449
yoruNGQDsOepwXzt 2315164467
m 1351259319
F 16933660449
F 16933660449
qEgKtjcwKFxW -5100202356
qEgKtjcwKFxW -5100202356
m 2047272662
m 2047272662
F 16933660449
yoruNGQDsOepwXzt 2315164467
qEgKtjcwKFxW -5100202356
yoruNGQDsOepwXzt 2162334178
F 15109736286
qEgKtjcwKFxW -3056428955
F 15109736286
qEgKtjcwKFxW -3056428955
F 13581089548
m 2068045410
F 15609007673
qEgKtjcwKFxW -5198141688
qEgKtjcwKFxW -6320824198
