STJc3re8z
CStCemKAq
STUzl8cae
MAG4dPJrj
ST1rnCpHO
CSpNIyNSR
STWLxW5H0
CSWGJmVSH
STpWMX5Dh
CSkebXl5c

MA3H2XDcU
MAqkYwpWr
MAxb381PC
MApGylCpd
STGombwCI
STRKmFltV
STUNFK5zr
CSPNkOXql
CSpyMhdVd
MAQjvzR2A
MAImQKZbC
ST9XjNC9e
MAZ4w5a59
CSkR9CoiW
ST0MVjcrs
STBOpPJrr
STKLMWUss

CSLhN2RX
MAO4vuEz
MAXP31Gr
MAu6HC6H
ST86M92N
CSF9iS7R
MA9UyYZM
MAPrfSaQ
MAzNHztT
STACEw1a
SThnJ5xZ
MAV3rah1
STomfOnH
MAA3jRTQ
STESGr69
ST9zyM93
CS8Qj3XW
STmsOLO9
CSDwwsfQ
STtBoPco

CSa2CovNXY
CSH3jBwN8M
MA2XU3yxwb
MAEWr4kfju
CSnjECOB7r
STWfocMtfI
MAKadW2KAs
STeCwXZ0MC
STqMuCFOJo
MAfgoiFPsK
STsRhWrkdn
MAPxj0BGYh

CSyfbfcA
CSMuk47s
CSWTSzDC
MAGC3hfq
CSLpgWa1
CS7OvL13
MAeWRa5f
STPIEiql
CSm5MJri
CShWRMgt
MAKzhHB1
STC2RFkD
STCVqdcY

CSl9Y
MAane
STRrA
CSMyP
MAjDv
CS43r
CSdbD
CSoas
MA7zC
MADko
MAJL3
CS2wu
MAYRH
MAnaB
CSq5B
STUy8

CSwZieXjzN
CSEgKbamC1
ST3n3PNUJU
ST5FufPnHR
MAb3scLZDM
CSo8eAMkQ3
MAB90fUhzP
ST8XJA3HUx
STCXc2by2J
CSDgAYq1FE
MAQe97geah

ST9yk
CSjta
STDxb
CSfpM
CSyGM
CSJCY
CSk02
MAXFA
MAw0G
CSPfZ
MAmex
MAXN0

CS1JEmtZT2
MAaAlRKxHM
STwqWEjst9
CS4WqxElGf
MAKSu0KdFD
MA5IVfzgRj
MA1WRwyEj9
MAO1FCvKNf
MAHRuCqx8o
CSrGaGnNnp
STJI0WFAMH
STMft9zy2c
CSgRhed8sZ
MAYKvhtLaS

MA9AI
MAwjY
MAOqq
MAMrD
CSwtK
ST2e9
CSTQy
MAC7L
CSp2d
STUAW
STAM9
CS8HZ
CSd2U
MAlEL
CSAgC
MAYYk
MA4NH
