CSOC0df8
MA40iD75
MA5okPHB
CSjcxvcI
ST8LTM2q
CSYkogef
CSzhbRNa
CS8nteys
STaW77KD
MABvZfXM
CSipHcGX
CSuh0c8u
MA3oKn3s
MAJoNPcl
ST2oLOc3

CScOwaA
CSg7zqE
CSYe0D9
MAu2c43
ST3lVsU
CSVzRmN
STCxJb9
CSL2wRR
STDgNIp
STHH0Vb
CStWFej
STraf4a
MA5W9Eg
STLRXLg
MAcNt0S

MAIgsyevt
ST5mnQYoH
MAORzX5bD
CSXD9eoZh
MA86ur9N7
STZOWaFUy
MA0HFLsJY
CS3uMnztE
SThGpETLy
STb6nQgB8
STxvazjKw
CS5RBPxRp
MA8VPF8W1
MArTwxPJq
MAd8YRit4
MAJq8EyhY
MA8fCa0ML
MArxPGDlt
CSujRSekI

MAPiHn7bF
STHvdVPt6
STti5ESgc
MARKenLU2
MA4bjpiPV
CShYkT6Tp
MAsQG1NMG
MADaAMOXW
ST9RGm6PO

MAe62
STrpX
CSUI3
MAIBN
MAmOJ
CSH4a
MAGi1
STDpM
MASmI
MAED6
MAGT5
STXBh
STfAq

CSXfP
CStVr
MA47S
MA7AJ
CSc7Z
MAMiS
STH07
STPse
CSPb5
STvP0

MACbw1UDRW
CS4qu5VLxf
CSymxLWru1
CSSZROdb8S
STYNpgVDpr
STvOMEhj6i
MANJQ86ABY
ST7krtsqiO
STJo3xne7r
