MAGw9Moz94
CSWB5MLZEy
CSpjevYG8L
MAUdW29TAH
CSuUQivvUQ
MAwKOLd0Dk
CS8BYjWJPF
MAUvwnCRYH
SThgu2V1P0
STjIORdNcy
CS3uZgyIXo
CSHurd4X00

MAezm0
MAAZ5S
STIoMc
STCXoE
MAEbfU
CSXy3H
CSfZxk
STC0BH
STgRoW
STA6qb
CSFj5i
MANG6a
CSzh6S
CS4yUi
ST0xdy
STCgUw
STPT0l
STYvRe
STvYSV

STjjf6q
CSIuuBt
CSUeGAP
MAoFfQ6
ST5fg4Z
CSw8MDY
CSzn3mC
CShzmOY
STRXexZ

CSMPw27
CSRb6AK
CSUnRAX
CSVCTxE
MAGx8d0
MAbtsu4
MAzXKqG
STNOYHV
MAUYSyN
STXcBVB
MAmPgYo
STYp4Bz
STs9Kzd
ST5WMf3
CS9HRFr

STyFzkcyxr
MAK1PrD4XA
CS8gRdMGmG
CSu7bd2C8P
MAQYYLTOtv
MAffvwRsHo
MA52dc6EkZ
STQAKUc5WG
STs8OEU8pJ
MA4IFnmNVN

CSF7Hc
CSMs4T
MA3vkI
MAkm1z
CSRUC5
CSxro5
STkiEa

CSZyN
CSQ0q
CSv8s
MAB0C
CSPtb
CSj7f
MANCq
MAU0w
MAsjx
STzVa
CSlJ2

MAPThUk
MA1Dlyz
MAGXsU5
CSiHC8h
STVWytA
CSun5AZ
MA6jI4i
CS5I7tc
ST8hSTh
MAiZ46g

MAxVyF
MAeS5l
MAtFUg
CSqSjc
MAodaK
STkegi
MAtCwU
MAOcE4
STVZQg
MA0DzK
MA2QAw
MAutTk
STCvXa
CSLvcO
STkSAN
STlvZM
