CSL71QT
MAiNErZ
STrdvdR
MAnshjM
MAoqu9Z
STwujYF
MAxqdWc
STw1RZJ
STIJ6Gb
CSDEDpG
STYjOIx
MAQksXr
MAJ1uVY
STwqLr1
MAGrrtf
STcMFfk
MAcg04T
MAOdK7U
CSWGmm0
ST2MHEk
CSCu9e9
MAOCKq1
MAW9bro
MAruKXM
CSm44fF
ST6LDG6
CS13OJp
CSNRm6t
STdExtL
CS9PfWd
CSXFXZF
STcett7
STK4v1Y
ST2yl4Z
CS1Gl3k
STeBQ8n
CSmmCHf
CSAATcs
CSkNe0I
STQN67i
MA7sJEy
STtUz0p
MARtJ9y
CSwQTWf
MAXvDMV
MATF3pc
CSbjQkX
STOGNep
ST8JejC
CSibKOr
MARqM4D
MASni49
CSo9Y98
ST3I9iQ
CSqIBYu
MAGsjsF

MAILu
CSlB6
MAO0s
STQWc
MADB4
CSh5U
STIbR
MAzym
CSvZq
MA1Rm
MA248
MA35w
MAUNb
STQl6
STTdF
STIw0
MAOwm
MAOuB
MAsvm
ST4Yh
CS7ZM
MAFeG
CStP9
MASRb
MAscZ
CSoMV
MAvmc
CSAVE
MA3bh
MA72O
MA6sR
ST60y
STUAo
STfbW
MA4Ot
CSVBv
MAdwi
MAiKW
MAtNh
CS4DE
MAYxp
MAT2F
MAwfM
MARey
ST6ng
MAqJC
MAqn8
MAi3g
MAjA8
CSq3x
CSxf1
ST9FA
STAN1
STCjM
MAorv
CSGkL
CSPf6
STHKF
MA2Dj
MAtGo
STSdE
STbCR
MAZr1
MAPpJ
STlLf
STmgu
CSm9i
MAM6u
MAfjZ

CSwVunyK7
MAekes0xg
MAltHGsoW
MAnfkUfP7
MAp3wAwfp
MAM5RpZ9G
CSEutIkPS
CSVrVwz0J
CSkTDvPWL
MAa5e6RbY
MApA59XLK
MApuFsSzB
CSvM7Zy0o
ST2eL1JNQ
STDYgZZVI
STMaV2htl
STWXILcCm
CSPjRDTBu
MAOoGcwsy
STwm7JQv8
CSqKclB5l
MA9q8RTCM
MACNi2Cla
CSnJ4hqmo

STHllr0nt
STiyT5Kvk
STTpY3tSG
CSmATLn21
STP0rNH9J
STQmGkygn
CSobMJ0iW
MA8YRBHql
CSJnvLb6l
ST2NzhCNk
MAQGho7e3
CSShmdpuR
MAnmNM7Uq
MAzxuTa1r
CS9kdjD9c
CSJixr8i9
CSL3Yv7TA
MA5lbzgHA
CSPMedOE4
MA6fuWY95
MAqgqUA0a
MAssxOqUz
ST8ItvOJJ
CSdUmmup1
STp7RV09n
MANjllesy
MAqT5PhCH
ST2llZ1h4
ST48M8wOD
MAd5Ebavp
MAia4PJiP
MAqqMKjKv
STdFypMBZ
STc5x1l4C
STpEGJkX1
CS16MXsvo
MAros5lip
MARF1wPse
STcNT3iKW
CSzz8QDHW
STJuBXXPO
STcyEHqLK
MAwpy1SGs
CSytpEV18
MAGMVpFug
STvCatetU
MAJavqOVS
STMgix5nb
STKg3RLUe

CSmOroOui4
MAqw7BwQei
CSA2ZBMLPW
STvvcqJEZ0
CSh86j0cM9
CSOicD3jfg
MA8Z2bgY3s
CSKH8MLhRf
STnxiZeuwH
ST4u6E2WQ5
MArvd4gtrB
CSH7AG32bG
CSjiwvzBir
STWBc7K6JV
MAsnZpQU7H
CSCYFll7kq
CSWRueN0aV
MAT3RbtLir
STqv648EtI
CSt1QbBjvq
MAU0czc7pr
ST0AEIMA7P
STOQYYkpd2
MAvS5Jazq8
ST4mqoABP7
STkPqp6v4b
STaWXLrQ68
STRS3979LW
STt4pWxQET
MANVM7ke7K
STmRTjAy3G
STW7fbcTcH
MAnXLVG1Kw
CSNWqVqqDu
CSAIN6dnyg
ST0PaksPPt
CSbAlPqpHZ
MAgwQ0HlMg
STHOL9DloE
MAy5PbagPV
CSRN7Y3Uft
CSZ86z0cIX
CSEUQASUGS
CSuNEyAbs5
CS9t8i57fC
STUHJftf7B
CSaNfUW6eK
MAWZwOZfwu
MAkYFbgr1K
MAUGDFT7nk
MAoPFW6gze
ST1CoLaOjF
CS1rcZavnT
STDYQgdpnp
MAmTq59UkS
CSARKEU9uO
CS2wI34K7G
MAkONj0Uad
MAdHwKenyA
MAZtipBbBq
CS9kDOCyMJ
CS3gGCGxC1
CSCTiEmpXQ
MAityQ4RXq
ST81FH7USw
CSKBu9NOx7
CSn7Gm5CQd
MALVQ3U8dz
CSs92Lg0dc
MAUSBZdFwo
CSnVCkWqHr
ST0hD9CXF2
MAqa8yXcl6
CSNX0OUrlr
STUKPiL11t
MAibmhnsXc
MAVWvAiWij
MAuUGhgXz6
STgrdabcAE
STTmvY6uCm
CSTAeUG5KN
STkpxeMgIU
MAuHscYb2y
MA0Rqfd6s7
STYQwwknBQ
CSM3QAKrQv
MARLeHtpYf
CSQ2exZkp0
CS5hW1yXrk
STVKlRpJmx
MAKj9fiSnY
ST8KGcPqyl
STA0QnYYv6
MA2fTj8taM
STViJzHEKd
CSEziCPfY4
MAJwFA3MwI
CSeS5t4Tvs
MARWPxkZhw

CSEIXuWAy3
CSgWOViajw
MANY66MUnq
MAgOGzheWX
CSTK5GcWg1
MA2l6SBwDF
CSzPzOw9Lk
MAFVotrYsd
MAhnwZBTZQ
MAGhUMzvFm
MAnsiD3eMM
MArLM733Aw
MAuM4lqazS
CSaLUdLgNw
CSjIYaeLS4
MAFkLyQJ4h
MAvliakeNW
STEQRkXr1f
MAP6DsSigY
ST14Js6L21
STjuIhvyJy
STkINkrIyl
CSB8f64FMO
STyRchQKrQ
CSZiFcUzLO
MABC0RUG3n
CSKxbossOw
CSjceqK035
STOOofNgDP
CSDEJOT0Zf
MA8drmWyHW
MALDEQKtHh
CSQdI9cgOa
CS4bFJgfn0
MAvGIjAauG
STLEiu3cSO
STqu8lY1mQ
STtEmED9cc
MAZ8oPllZ3
MA0d463xwZ
MAZkL7uXkb
MAnNMxGOfV
STXES9N0bL
ST11s7zm3B
STaLwTJSBC
STnmS8FlSR
STvlYn22za
CSL5gp2w1w
MAEOxVMiNV

MA2FhDJXm2
CSgU5kz2n7
CSS1n3jrMn
CSZKn3Wsfv
SToS0NlY2z
MAS9Y4o4NH
CSRjUppAIJ
STZG5c8kus
STPKRDKLCt
STvS8vhFLa
MAL713A524
STUsZYgwee
CSY2udjWCM
MAklhcyFEd
STIFc4j9rr
STXNZWYQY5
STOlGjm71A
CSDYftMoLW
CSWTZfCkzk
CSuqKBoG6U
CShjaOJI6R
STNd8J7mxT
CSkRUidUCV
MAYFkOO6kF
MAbHyrW4Mb
CS6jCepdnN
CSo9gy6ein
CSpBIEFyzR
MAS0ujlKq0
MAsaCIHKSx
MAc7N9udk3
MAQYfDPq9W
CSJBozK6HB
CSh4tQJf4C
MA2l48pRID
STPUQ9g3cJ
STWAkrMsaz
STaYTGv06w
CSefYKsls8
STL3LkxLkt
MAuCy5oj5k
CSunZYnUIH
MAEd4rDk1c
MAXzUROPmW
STEkDZjqXn
CSMtFigdm6
CS1lR49ZVZ
ST9OOt7RBa

CSlElS5p5F
STRzOl3mJl
MAa6HuzZSS
MAScDgi25u
STS0AbdFzZ
CSEvQKli0c
STZIiYuieV
MAJA5M863G
MADLyr1iVu
MAUDPZoHfc
CSCRIFshwi
MADl2tramV
CSfw37hXj3
CSVjSfLp5l
MAmIf4b1s2
STAyc3xbET
STGRO1Lmit
MAU8N1Ej4n
STZkTeihck
MAYjUEffOl
MAZKWpZ1U7
MA18UFiCq9
ST4wU7LrqY
MAPA26YBC5
STMxXFK19A
MAVaqcu7c4
STh4gsYiwT
STVjbntv1X
CSIrJrvih0
MAztJIyhce
CSVPPeGNwj
MAfT0acAV6
CSVLdlMnn9
STXg4sJHf4
MAtlcpRIAb
MA63GrBhJl
STk9aWpjxb
MAwt9aYCT6
CStLyaGOvP
MAD8e6LkrG
MAgqwJhftg
MAhXGdEQLM
CS4Z18r4W4
CScXJCRzYE
MAShi5MU9s
MAt1lUobzY
STQDFZ4y9w
ST8qX3DOfI
CSH3oLIh3X
ST7hjbWcAZ
STbWDwUDlX
CSS1M0rkFX
CS0PAFNrq3
MAZEea4ogz
STnHAPIbeV
CSbTREM8Jn
STht1S9oV8
CSRRASZ3SQ
MA7GmqMYhS
CSrYpaB0t3
MAEUMoauo5
MAVYgh5Uwe
STjc8HbZBK
CSXm5EhNb0
MA054ZtZnC
STwMa3JoKk
MAQfIxPN8J
STXzK0nYv5
STKo2VAK5O
MAcQkMjYjJ
ST2CiuzKxv
CSNgm9H0gT
CSj5GIIHJT
MASdq6b6Sg
MAON9DGs1A
MAtQZYlfgF
CSJXnzPmMV
MAw97tEuH5
MAKOIjd6Bb
STcvqjgsSN
CS77tiyoZz
MABJxjjbD0
CSCmngs3Yf
CSCOkkQ6E6
MA4CseO5re
MAHTi0dOZ9
MA8P9kG6cv
ST0gBdyWRI
STP4mTgRam
STeNDvn9uv
CS43kb5AHZ
STSi8kMnev
MAec8Vso69
MADckBK8Hc
STt15UOjG3
STzI1b83nm
MAlodU8nPu
MATu0OVLpt
CSldbkuKgr
STjo8F1A8Z

STE1s
CSokA
MAmI0
STy4S
CSro5
CSoj3
CSAlt
STWFz
MANiL
MA4Or
CSByH
CS9yM
MAfW3
MAb83
STp95
MA0Q3
ST0yo
CSuFf
MA14C
MAUms
MAckB
STGXr
CSzJG
MAsek
STWn3
MA8gR
MANeB
MAxrn
CSD5d
ST4ig
CS1yP
STv1h
CS8dg
STpbX
STO6f
MAZnz
STTz7
CSdGL
CSHLi
CSEjg
CShyQ
MAUeZ
MAEMV
STalg
CSGn2
STeK7
CSpV5
CSvCF
CSnb2
MAn7Q
CSlY3
MA2Vp
ST6db
CS4ha
MAFXM
CSp1P
CSsL5
MAOYx
CSd98
CSI7z
ST08P
STu8P
MAJ5H
CSIl2
MAa86
MARAf
MArZs
CSRW3
MAeVS
MAzul
STKPH
MAT4h
STKnh
MAHo1
SThuj
MASUb
MAZZF
SThwL
CSOY5
MAxWu
MAmOz

MAy2om
MAeOCQ
STvrrF
MA9iQl
MAOQ85
STRQK6
CSR4E2
STl7uE
CSwNLL
CSBLwv
STN5kO
MA6p5M
CSPhWI
CSpele
STbTqN
CSuxqU
MAUx27
CSDP2M
CSe7Ip
MAc2uP
MAPuhf
MAIqO5
CSMaLd
CS3146
MAX7pu
STXkGb
CSuqlE
STu5lG
CS3Q4q
CSGh9u
STCS8d
MA03q6
CSz8JK
MADp1d
CSLTlF
STZyIC
MA5um5
STgAY4
MAZ2mq
STin04
CSonaO
CSo7FJ
MAoo7j
STpuPr
MAEhze
MA8StW
STY8iB
MAgVZq
MAE9Jm
STPoVm
STQA2z
CSHGR6
STbnqY
ST64UP
CSac0f
STKKXe
STXW9e
STrdQn
STufWC
CSO9mg
CSEP7q
ST9rNB
CSpp4g
CSvZpd
MAdKL2

ST9YfeM0Do
ST8yCgo0Rg
STkBElUG5p
STXtuWFehg
MALz8hhIHu
CS253c1oeb
MAtqQbgqn3
CS5PDhNRWt
STSWfFZNFw
MAGmCJ7Oxn
MAIr8Jja48
MAWQqvQJLX
SToTqnxUuL
STS2RaU98P
CS9JrhUcSA
CS41Wsytbg
CSV7znnUyq
MAF4OEwt3f
CSVWzv1CV7
STqdX2qgMV
ST7nVpl3n0
MA3eJjqExR
MAE6hztWXz
CSsTorjlfE
STqgZMDmpT
STMqc8ZGYh
MAxXsFhZ88
CS36fzt2ex
MAa6dak7Bv
MANrqDGDcj
STAlbNspQy
CSl3m9AdNN
MAxxJB8Z53
STIU9U3H8k

STLE3xmZmG
STiAmaXzkr
CSbpThRIxN
CSKJbmztz6
MACFYNOyKn
STH8KuLVuB
CSJGaLtXTx
CSZMrmF1gy
CSAdOME4FY
CSec7oSMuW
CSN1D97GXu
MARWuale0I
CStsr0UKAd
MAROgWoNCI
STFPVwd3eG
MAAJcOF8bQ
MAWhuEFuiq
STlzpIm7Xq
STvIbZBfSI
MA6x2KfygO
STWtxzZaiE
CSKkGL8rkw
CSmtq836z1
MAMi3V3IFm
CSOHA6M7lO
STI1wFI7dN
MAI4hLs9ii
MAGESzjVUl

STS8l5U
CSp9zcl
STSGopH
CSVsLi3
MA33Ky2
MAjhYf4
STi7zwL
CSgn7Q4
STIbR39
MANgwrx
STjkhIV
STJN2EJ
STBZuzN
MAD1pkh
MASqS7W
MA0LBSY
STBrZon
MAtmSBI
STwrsaF
STOIm5D
MAPbj1F
CSbXerp
MAqeG1d
CSGXYct
CSu5w66
CSjq6rV
CSZf4X5
MA0U5tB
MAjCgm4
MAqG9eE
ST4DcFt
STJISOe
CS6rfC7
CSCOqEO
STNXzOl
STwzySh
CSq0eoH
MAIdgOG
CSyT2Ms
MA3Owfr
MAeHEao
MAeLTvN
ST7Xz7N
CSrY3FG
MAeBhE0
STAKYG6
STwsXeY
CSNtYDk
STjI5D7

STtBwU
MA72Bg
MAEvur
CSi2fy
MAWMdl
STULq3
ST9SOZ
CS7GRZ
STgBWR
CS3s3I
ST5fJz
STLYQ1
STIbII
STWsXv
CSKF1e
MAaDpg
MAlYuJ
CSbBbo
STQacf
CSe4MK
CSt6RY
STACGQ
STaSYZ
MAOjIv
STfcFX
MA1tHd
CSxkiG
MAVZj9
CSKxPe
MA1cuX
ST6tau
MAcNEU
CSBaFe
STkL91
ST3s5q
MAECYk
MAIFnP
CS8sX9
MAckaY
SThUT9
MAizSR
CSHbCh
CSvO6N
STXpUu
CSOwa2
STkLJd
STcnpG
MAh3h4
MA1SvM
MASEJl
CStelq
STSG6j
STeyh0
CSgwTd
CSd9EK
STfbU3
MA8zqz
CSnSDX
CStVBb
CSmUZu

CSabh4311
MACgGdTu3
MAEUiCJSo
MA3jHS9ON
MAS5diE9h
MAhWvkJOH
MAiHZqlyP
ST3A6dPSO
ST5P9QngS
ST6qTIfK7
STAVl2aF5
STLXJWaus
STMfp0c8H
STfuvI7xI
MARFt8wrd
STggkxvDm
CSQxiojbr
STcuqO1bU
SThD1gikb
ST2bA5Z51
STunOvTG5
STfSz38Bo
