MAkQ186
MAtdGjj
CSLUxKY
MAVjeD4
CSsb3S2
MAmtyLm
STKZBXx
CSmXlhI
ST76EZM
CSpqies
MAhfmTR
CSXICdw
MAxpzFs
CSJWFF7
CSHl1Gb
CS5gSf8
CSQMOFI
CSO7aab
STf98oy
STKhwyH
CSs38tK
MAVqUwe
ST5DqE6
STz76il
STjjCg4
CSQ819G
MAQS0K3
MAdfVum
STx1biW
MAZVkXv
MAGh1hS
CSXb7TT
STO3rff
CS5O6e3
MAFQ18m
CSUmLyg
MAnBNH0
STBPRU6
STW04q4
STbv7T5
STu2EHU
MARWYwP
MAkKCom
STgvtpD
MAsSbRs
MABcT87
CSSFXvw
CSbLfh4
STVOQtp
STVsrqi
CSfW87f
STqsewE
STtcAzk
MAHrOdD
CSMcKY9
MAP1t3X
MAaFaPj
CSc2v8A
ST7oTBC
STBMZGz
CSBc8F0
MADSjwE
MAVtqCf
MADkXxF
STxXnFK
MAL7fmc
MAvScmx
ST3p4tX
CSGRrzL
CSlWfpt
MAFjzY8
MAm60aT
STeXWhy
ST6ohCi
CSC9EZC
STECGxp
MA5e7lc
STCRt89
MAR8QQj
MASwPuZ
STjtZWl
MANpvxM

STZFLMDx06
STKbiNx8Go
STyoNhEs1X
MAbKImrHpJ
STvsTo6RhB
STOhLl0dC7
MA1EnmDZOx
CSszH4ctV3
MAkzqa5Unu
ST69Dp42PV
CSWB7euYXQ
MAq1si3hX7
STKvDGMzwZ
CScMbPUPjA
CSEgtNYdC4
STD1SR1aHQ
STPYla1AxY
STSvFTwfWn
CSuZ8VKnAE
CSkxC4kjJj
CSE536rEIH
CSzE3D7eQM
MApCvuKrvD
CSnSU37hNZ
STLvJHlMYI
MAy5ausmo3
CSSOIHl0Lu
CSt4UvgVg8
MAHBAYjkJs
MAasCbhSq5
STR3Hc1TCn
ST8XKbNuhk
CSG1hfiRTd
STjjmyKFaV
MAtfffr7wn
ST2EQhZBIR
STABj8xHOK
STbPvYJsEs
STK0rMvYxB
STpEWSzzaF
CSkw4JgEk9
CSPY67ELGT
ST12R03OEk
CS9pwcs6Mp
MAx5xSOHL3
CSfXrKCc2f
MANOQTqpfX
STbWDKxHgV
CSBlEk4dkD
MA6gsgXBB4
MAUySSuph9
MAh7izoZAy
STKjamnfnr
STSH4xG91f
CSwT5K7dFJ
CSOun3HTzS
MAn78TGvGf
MAyUG4L5pr
CScynL1xK7
CSLObJXcnM
MAI0YE4Qs6
CSmhAzYzQc
CSdZR5i7Y2
CSs0R1FuUL
CSaWFw1B71
STJuoCs8Wm
STTo9dZsHU
STyYFqhInE
CSUVTCsyYP
CS6voEOlA9
MABFeq7ckO
MAv2FbHwFQ
ST2DttnVBH
MALVX8tMHv
STAU9F6KO1
STL7lpzxep
CSDWre9HRx
MA6H3Zwjyy
MAMwceM42j
STMZOdhnq9
STwC3rSby2
MAJp7QZrJz
CSS8aI3OOJ
CShna0dvjI
MA2fZdjell
STHuhU3EXL
MAzwU53kxg
MA6ma4JEJI

STXst1W
MALoT6h
CS683vN
STFXwZt
CSCIZGp
MAJjBGM
CSUw4yc
STXYots
STtFcfg
MAko7XR
MA8voVe
STlMW2F
MA7MoxE
CSmExAQ
CStgnNS
MAYJKBd
ST6vuMs
MAQjjUy
MAGXnBX
CSxQGIc
MAjqj11
STMJ9Nd
CSypEQM
CSWN6zY
MABi3Lp
MAAP19F
MAPnNji
STR6yB9
STBRdTd
MAH6mEL
CSIdh6B
MAQcBKP
MAwqki1
STQwN0e
MAy7UT6
MAufeuQ
CSmKscI
CSdd0It
MATpgDT
CSWiNKf
MAzHPXl
MALbUgB
CSWROva
CSAZc8m
CSF8EGx
STNImWk
MASuzT0
CS3sA60
STbFTuk
CSFFETh
STHXOWP
CSQrHJ5
STKNhm2
CSbzlqi
MAj6dBn
STjRzkp
STM0wQA

ST5fT7B6v
MAnmYinH5
STqqNM861
STNW7hwPF
STWraZFc7
MAb3X4iib
MAdpeUu35
MAHM7WFGh
STve5dvYw
MAMMjnJN1
CScxQHaT7
STwkP7jif
MA9HklE70
MAsv7oLFO
MAdTSEtCk
STUP0BebZ
MAyPGlkNV
MAXaiKw4V
STfjdVbGN
STXn8JPmx
MAtWF0u9b
CS2Km5orz
CSVsbQCVF
STg1HQ9iR
STXkjvXEn
CSUi0Ir9u
STiUeIE8w
ST5y2NgFy
MAWfLmh4p
MAtkMWi3S
CSakgRAFG
CSkWDT6wZ
MA3OPEKDJ
ST9cq9gg3
CSLEjECYc
CSGt2ddmI
CSXufmGNf
MA0c7Pgbg
STZVecz1W
CSu5Ju5Cu
CSiVhWiou
STrYLdc0M
MAwRBCZOo
STuMme40V
STH8k7vb1
CShY3OC0I
MAUgeWRmW
MAK065wR2
STfKuZgDJ
MAobGJ7VW
CSLbytiXO
MAmJXcASi
STeQlSnZM
CSR3j0RiI
CSD84VtoI
CSV7rle7T
MA4fX3yai
CSyXgjcUO
STqZeChYf
MAHjhC1vC
CSQujXmsb
MAtEWuxx3
CSAtYI4Vw
STbE51z5X
STzMrgt1k
MAeyFIzlu
MA8QAZMR8
CSJwWL2Sr
CSmlOSMLy
CS9mtyJ6R
MAwrw6HqD
STIBhVMuc
STxi3YFKi
STrzRvKNO
MAGcs1JfA
CSd1Izfc5
MAof6B3bN
CSOLQWSS0
MAoQDI959
MA1U8OZvl
CSln8gs21
MAh4D1whp
MAyEAQM8z
STFJuydBh
MAbw0rvy9
STWPTlFN0
MAJ1IOyvb
MAeXJENLE

CS1RXPub
CS3zCCF7
CS4KY36e
CS5d6cTi
CS7ns4lM
CS8unIQu
CSADX4ca
CSAzxK7O
CSGiIl9x
CSHB423r
CSHlz1da
CSNUnii6
CSPsAkXn
CSSNVMWT
CSZMENxc
CShmR13H
CSit66Du
CSmb6jNL
CSrTw4Wf
CSy59Dfb
MA0JR62L
MA0cZHsY
MAIzuN8m
MAJ08xZ8
MAPK9iP4
MARe2pDb
MATCZeYC
MAVBQQIv
MAX2KXCA
MAbCfVay
MAeleOcD
MAg7Xr8N
MAkzTOto
MAqVcs0B
MAwILJwZ
MAzADbqF
ST1Duf5H
ST2CvvW5
STFKifO1
STHSXTLu
MA4NVETn
MAtC2Vaf
STMLoCpJ
STS7eStQ
STVNDA53
STVbj4Vj
STWdBPiQ
STZHvFna
MArw2zIK
STiLLzYh
STmd0g26
STpoiBBM
CSvCmQyj
STuxsZIc

CS0LmJeaL
CS7sjEnQL
CSKboZbdL
CSPUzjQTC
CSVgJOrSd
CSbPTStkm
CScXDnnxe
CSeYip4cn
CSkfiEbL3
CSrsb7wyU
CSt3H6S9t
CSxMaF9AU
MADT4hstn
MAIsCiX48
MAPmS2YNu
MAcsGhsnH
MAdGfLSAP
MAi3cRRCY
STI9azuo4
STQabxpoH
STYP4AuoZ
CSknb8tMM
STbpQ9bQI
STjCFRHSx
MA73735xL
STp4MpYZv
STx3VfujO

STSz9
STXAH
MAKou
STGy8
MASlg
STsyr
MASEO
MAppB
ST7Pa
MAhaY
MAmlN
MAAcp
CSTac
MA68s
STagI
ST7KI
SThOv
MAfjb
STz33
MAiaM
STLMP
STvMR
CSJHA
STK2S
MA18a
CSwRS
STIrJ
MAAvl
CSRJD
CSwxh
STjjq
ST4W0
STtoo
CS0tq
STwTr
MAGvJ
CSeDe
STRy0
CSXQw
CSTfZ
MA2Sn
MAGce
STNMD
MA1kZ
MAg9L
STY0r
CSDBU
MA6uN
MAdVR
STAHU
MA1Wd
CSEg6
STZMA
STdkE
MA1jG
STkec
CSWuz
STbVP
MAEhP
MAp46
MACcS
CSs9Z
CSfKN
MAPY3
CSdjS
MAkvN
CS7OZ
STl7a
SToXl

CS1Lnjw
CSDgF8X
CS00DUM
CSQGEvu
CSR9ymL
CSWXOnt
CSgigM5
MA3qXcG
CSwZ27U
CStRHCc
MA4EWeC
MAT3bRP
MAlSCMM
MAt3Ix9
MAAN8Jz
CS69FQb
MAZz1jx
MAxziwq
ST4O9wU
CSJnzfW
CSawr3W
CSr9pJp
CSyHuEg
STBPoCA
STFwPCg
STMCgrG
MA1G7ra
STSGJbf
STmPEtp
STvepMb
STvyDWY
STwL6oq
CS6BTlr
CSfvxqy
STgKsqr
CSzQ83k
CSKw0Jq
MA7NAvX
MAA8P2H
MARCiNz
MAit7bl
MAk1hbi
ST7Ux6Z
ST9JGNl

STX0In0U19
CS3IOg2fjO
MAXa0CdPGs
SThR69sy4y
MAXKMEQVBe
MAZuFcz048
MAxgxjSVxs
MAVQI0iCY4
CS9QeLWW0r
MAY3A0hXed
MAPcPn5y6K
MAfNt0LBPR
MA4YVnvaMT
CSVg1qw3ZG
MAHPci4FoY
STqFHM4OnW
CSxOJvSAxk
MA94otiYm6
ST28G3KZxE
CS449MtrA5
STD1QMr0ZI
CSNImCD577
STYSGEDiIX
CSmu6AUFOG
ST2P3JUg8C
STP0H1ycJX
STnKNa6m1Q
CSu3e7Im59
CSRrjrcPht
CSVfbIUGjA
MAkOk6hK7v
STA3nMHBL3
ST7GJLkrrk
STcbE9uRS9
MAJRq4ucVO
ST1ui9PqIm
SThZRYJ64S
STkSuIO3lh
STs1jHUwnE
ST7avGGuKb
CSvrkH9i6n
CSHCN1zDr4
CStyGULD2A
CSitWb13A2
MAhdDpYljH
STASVGdVjj
CSg63WkqPa
STKsq5XUi3
MAXnkpksJE
STGRIzUWPF
STKyyBZ2dM
CSh6CQNobm
MAJXiu7yRD
MAMwcBJXV8
CSBexVWLck
ST712Rpaqy
MAZYVPOQJi
STCwoZGfgH
SThtPxYaN3
STrQcm6N0L
CSLRILK7A8
CSsNxJFiKA
CSiwkvGtvo
STJpLcGFTs
STlGrgUuQN
MAMj5JBBPw
CS5zF6uAk4
CSN4Yron6j
CSTMdWZCcE
MA3eK3yLlw
MATDY4b5qt
ST4tZo2wSN

CSpYumW
CSZ61IT
MAfo2AY
CS8d6by
STwDLqn
STR9gzm
STUlz2K
STaiS4U
STwKXYQ
MADXEkz
CSxWUj9
CSm5Q5F
STc1gc2
MAsUYzA
MABsxG8
MAxVOyG
ST0pDSZ
CSv6pgs
SToOQQl
CSPKg6m
CSQNkuO
MANyvfc
STqxVUm
MAuEqIZ
STCMghP
MAaT9D0
STXdQJo
STocgKR
ST6RcEd
MAzAXgy
STPQ43M
MAnlDtn
CS1HRxH
MAyx7MA
MAst2Xu
STijTZL
STwt8kD
MALAGCf
MAaPsf3
MAryal4
CStimwe
MAid8X7
STVGY75
CS6g1us
CS9VNRp
MAMEdpf
MAbreae
CSCf9H8
CSxXDVL
MA2T3s0
MAyzcTC
STd9u9i
CSLkORv
CScgGtI
MAUo17b
CSJnNhX
CSgHzkz
STgsqat
STiFwXV
STbMqTR
CSkEQDh
CStez8s
CSjUJIU
MA9DeUx
CS38KRT

STsrEm36
MAmFcobx
CS0OWJ0l
CSav8s8w
CSRHgly3
MAiKqwAZ
CSyoNEgS
STk0lXWm
MALt3gLY
MA7aCaVj
CS54V28h
STe6xJYx
CSpJZqen
STPVamYA
STuIPSjw
STzfofdk
CSDezAPU
MAtuhfKq
MA5IEATS
CSNWpDJo
MAdzy6RL
STwfT2ui
MAY75VDJ
MAgpJlTg
CSdsZ7Ls
MAv2QwdM
CSNrAsH1
STykunCg
STJtjDeS
MA3fxMlF
ST5A0CY6
MAfwLkpX
CSl6Jdox
ST4gAdcU
MASzKdad
CSR4iOLa
STkyoASo
MAFLmymp
CS8IgZ6P
CSitFDXF
MA2tTjEm
STGV9NP1
MAP4zJ8n
STsfCqaX
STiVdeob
CSv91bwb
CSRQGHr6
MAIQwhGG
CSfwEsEJ
MAmLQxkF
CSTwS03b
CSHpwEHH
CS19c3jF
STNpryq7
MAqj8icA
ST0ZGimV
MArfvn03
CSHyOKaW
STR6R3LD
MAkJnxcA
CSQ9vLhR
CSLuXp1F
CSM40YMq

STOnZV9
MAF2Gwt
MAQO9mH
STaKuVS
STUOokt
MA766OK
STDv9ge
MAQV1NX
MAOJ3L1
STu5OKp
MAeV1oK
MAsUo7P
CSDVAg1
CSpPvSt
MA9beP1
MAbsmJZ
MAY9zhw
STwC4gw
MArNXos
STFYHyK
CSsqM17
STumHrP
STzTKrI
STsSsQV
CS6QtF9
STKadlT
CSsTizl
STHvsGv
MAZmxIx
STgmhl5
MA84PW3
MA8GdHC
CSDcN84
ST2w2QO
MAD2OzG
STZEox5
CSvVGSk
SThvFrs
MAhFQwt
MAPdTOH
MAAnYct
SThkQ0Y
MAEoVU7
CSVnnEB
MAR69cW
CSHcnyc
CSSaxVY
STKr104
MALMHI9
STL7shS
