366
602
378
751
397
434
363
572
312
681
752
708
685
635
530
552
569
603
642
677
595
622
678
656
692
642
645
550
542
573
604
608
599
555
528
526
526
513
530
508
535
502
611
496
493
491
498
481
484
624
616
470
467
548
484
607
629
595
635
541
601
641
510
526
509
648
654
465
643
590
617
493
665
659
630
544
452
460
667
444
505
446
607
471
610
673
459
498
468
462
556
458
597
576
478
442
652
441
440
430
420
417
440
415
425
412
412
463
505
552
561
503
566
409
409
408
405
411
390
596
609
608
580
390
658
389
583
677
677
390
401
451
387
478
677
473
479
382
660
672
684
648
678
690
569
415
513
528
491
462
500
487
419
412
420
380
492
418
441
469
439
410
394
418
419
