763
914
441
451
662
708
355
297
623
562
434
377
482
520
470
555
523
479
595
427
396
600
592
607
614
606
623
621
422
623
352
339
337
525
595
610
626
629
611
630
558
581
632
637
542
539
468
617
639
656
659
625
521
673
673
675
678
677
568
619
585
608
609
633
539
538
524
593
600
535
665
530
677
512
679
685
688
680
678
491
503
472
444
478
441
429
440
499
480
568
564
605
640
440
668
576
565
661
521
500
427
630
422
418
414
668
411
674
679
691
575
644
662
542
560
574
590
434
576
637
640
642
622
506
649
652
551
407
454
402
425
421
396
404
389
405
386
382
379
379
397
377
455
464
474
456
478
467
501
382
377
373
424
435
522
528
546
553
548
566
523
565
567
575
575
581
584
466
