559
542
461
599
454
631
365
615
620
516
510
468
428
480
424
571
586
520
473
381
535
470
385
572
604
531
571
582
494
462
408
494
510
443
400
397
567
396
604
525
597
573
565
373
593
371
584
397
594
608
458
389
433
613
589
423
392
399
428
465
490
453
527
518
550
555
476
512
512
465
549
497
515
566
531
462
566
447
606
556
582
455
419
374
404
482
562
450
484
537
567
400
568
422
585
403
400
597
389
567
568
456
361
572
609
361
360
468
478
358
497
355
354
529
352
527
346
553
539
590
430
538
616
550
596
615
618
631
527
486
379
442
528
422
427
438
359
513
352
521
501
611
627
622
533
535
636
636
471
460
487
502
502
502
452
430
526
399
527
500
559
537
562
435
562
396
394
391
390
458
495
448
517
