610
772
549
646
656
705
745
512
459
438
454
437
403
398
402
456
448
393
472
431
495
459
450
506
410
388
386
441
468
429
519
422
394
427
525
506
536
535
538
466
458
551
384
559
545
549
490
484
477
470
515
459
451
562
443
433
428
422
408
408
382
569
526
565
582
584
585
587
518
528
452
572
551
467
447
417
462
411
400
425
381
373
441
373
368
472
473
503
491
465
503
507
499
464
461
445
439
427
427
486
517
417
523
412
528
527
532
483
532
548
464
486
551
557
417
581
412
460
411
474
501
531
518
551
537
561
510
563
491
493
