oVD
UsUbeHAVTd
j
IlCoClkv
IlCoClkv
fFqh
NHI
LihZcAVp
r
tzuxTfy
j
utvYw
dUDleGQT
DJv
UsUbeHAVTd
LBnsnuvNBi
utvYw
KBkrzuwNz
TIFBXBSuwW
IlCoClkv
IlCoClkv
vuwKQ
zHsZfrhIYv
OfqyUmpY
tdMs
kSbqmGTEI
FXZDJjST
fFqh
B
UrYPWAT
sXhisTCq
NHI
zUmljIc
UrYPWAT
dUDleGQT
wUcLOoGXRu
NxmKLqFc
CH
ShleYvdTTo
KBkrzuwNz
IySgxsLbz
ShleYvdTTo
DJv
ovVsHpUq
dmmpdzKqxk
WVMqLEq
vuwKQ
XRmPnjmLI
Xm
iuvPOq
iuvPOq
EPpdJI
KBkrzuwNz
OE
NHI
IlCoClkv
QUYdfjGYOS
fdMx
IGDEFfPj
EYd
zBgzA
AHFheUUA
zezBZ
oW
ABQNwu
j
EAsNNW
LSLTmFopXR
tol
Jad
jkz
XHSRXPLeSU
nNf
eSiIUjgf
VnyPB
wEEttDd
ShleYvdTTo
Zdowlo
eXp
hi
j
HarG
HTiTPPeWoj
bdvVXAE
qbDeZCDh
r
OE
EQLxsMTxH
MhJqQNx
oVD
IySgxsLbz
lRuoCK
UjLRTVCv
RgPRdiP
H
tzuxTfy
tdMs
OGibUaKlE
oW
DJoTIxi
ACDRVkdqzr
ovdc
kiaZ
DDHC
KBkrzuwNz
Yb
tcieXJGZvr
nhTwevOja
IZSk
BAFxfKyLne
xUVHdWKmkU
kiaZ
yZdqAlv
LHTyuuhi
KJSIX
KqNjYbfOmc
JIZHEGSWWC
pDzyf
fdMx
lnsrOpwSDr
cEmDvSe
YuxU
tdMs
RDhRJotpS
ovdc
Ff
kKZvuqgGZr
Geqrk
chAQ
Xm
qbDeZCDh
MaC
HarG
YXRs
qQZU
XRmPnjmLI
try
LP
XSihQCe
dkOw
FXZDJjST
mBJj
ParWSJdmse
STcsBl
NgBHUbO
VnyPB
yeCKG
auOnqRxs
yZdqAlv
H
hEEQRxWm
mfCT
LSLTmFopXR
eNyRxEawk
XgYnHfot
LBnsnuvNBi
cEmDvSe
qA
meHIa
CDhVsEAvtZ
ap
Rwghz
ZVGO
NvnoezKoRi
UjLRTVCv
TIFBXBSuwW
xEBxAPPYfj
uSwRScjHOh
Gir
xEBxAPPYfj
DyCyUGsWsR
kiaZ
a
R
AJ
jd
WZvhuhK
