UpxkT
FJKpnk
KZTAghIV
zpfgqYTun
V
V
PakdYP
F
cf
KuNXPiH
fASjyS
QJrpv
wCBz
NtDIMDx
QJrpv
aazJA
ts
IOaOSzOjH
nRHM
FlxcPnQBX
l
Tu
XMKzW
sXGzZlzl
Tjx
F
NggAPqRIxU
zbgwHviEti
FJKpnk
KZTAghIV
IB
XMKzW
NOtho
BqaRJDh
e
fX
Tjx
sTAo
mncjPIMoa
e
thUfJaYE
zJ
elZIaGZmr
QfFpC
Tjx
ejnYq
wCBz
gjAyUohwNC
s
p
SMgcilq
Aiie
POEImCtWZ
BqaRJDh
aB
oCmvtjMe
xcOcSk
NOtho
zbgwHviEti
B
VlcMlfR
BRm
PqvZnvbWL
zJ
PFVx
eg
Ff
gjAyUohwNC
NggAPqRIxU
HQSdpewbi
pR
DWWHgueg
XLL
XLL
drRrx
EYxx
KuNXPiH
PglnY
Tjx
b
b
WUtMaa
jQMTFa
d
llKk
bCxb
QfFpC
iJywN
zJ
zzaYntzYQQ
D
Z
uN
pR
TrEaWnh
oLwJIo
rCGmNiixD
TmO
slSQYtBG
tF
SMgcilq
weCoxya
NOtho
q
qwWdHzJB
exJccPuCOg
odBCzhPx
sXGzZlzl
exJccPuCOg
hHnSMmc
BeHn
eg
sbEV
MFvSvibSL
yJLsfvJG
CgLULPQqY
B
aB
VWIxNZ
iiOjbC
wbFrFph
DtkRkVJ
ijuQAB
