v
shr
d
d
JIl
IwqubScw
zugRhk
XEvG
JA
XEpR
pWXTRkJQLd
IwqubScw
DGrvJh
rLksaRox
TIBQoH
GIVTSLUIS
XEpR
shr
yHV
VuYABFurkZ
HkNgwQl
UTxtxOB
AKs
vTfTp
shr
VmSI
AGKLtRq
gcgOKRXv
oxwZLO
HtUh
IwqubScw
v
MqdjPdb
rLksaRox
dJ
huEFUi
yMIbVkw
AVpXrJ
Av
HtUh
YFtYjEdi
bVIiOwVAfq
GIVTSLUIS
eSt
WCHK
USA
yMIbVkw
doqDTXJ
Av
QeolTB
pWXTRkJQLd
dJ
bhQ
RgDuF
MqdjPdb
AVpXrJ
eUi
bVIiOwVAfq
nqgJvp
GCXJovuomG
buFS
yHV
jBE
YFtYjEdi
TNpGM
q
DddBTO
d
sVtOlgyoR
CYgTYLTOU
zZgjfDI
ElrF
W
hDiFlI
BOr
GaPQ
aHYgr
liHo
TIBQoH
mHfBGce
blMbY
DFCPCIicqJ
qzoTcOCiH
cQJxO
EjaFB
MHiDdlcEn
uj
No
dJ
dFCHhY
AGKLtRq
vdoVaQ
JYQjNyXAFK
KfGvaARj
xHfgK
GbIcNc
KCMu
UroBStQGga
PkdoaPmk
uMgtFPZ
kE
WOgcYcYIen
dvy
FztEBc
WOgcYcYIen
SBBJsNP
GCXJovuomG
v
yHV
doqDTXJ
GKQXODkUhH
RvtQf
XZKYmVVM
hilUX
CNpgS
ZhRrMkt
NGb
f
iE
jCqqmoi
V
XasEydXv
lAPrxkJ
ElSAet
XfWnhDoco
CJLTlaGhRK
W
spXENBMcD
SUi
ah
BVfTFz
Yi
xyfsaDwfe
iNyAVilOU
V
yTgWd
XfWnhDoco
pWXTRkJQLd
