TWJUzU
UNOsqW
iln
TWJUzU
lrME
PN
PN
lrME
AJddlk
bWNQdw
dHvDiaG
TWJUzU
AcKs
CwyrsZzhF
iln
piq
I
FIK
TEsIXCKK
iln
Y
bSYXwq
eAoNTNny
AcKs
FIK
TWJUzU
DBM
GKsdAYmzJE
o
Slgi
Vuqa
FxelJ
XSHDBkT
tIgYhYxhe
CMrJ
MNghphOGc
CMrJ
fvG
M
FxelJ
vQnvsjiv
FpG
dHvDiaG
zKlJShXO
jdbEyU
F
y
bZe
ITvYSiZ
dHvDiaG
uoRY
eAoNTNny
mRv
KoYc
FIK
hiJ
mBKKlFT
Z
sBVanxAaq
qL
TEsIXCKK
LGmhiRUnxl
fvG
uTIQmnyqA
hjjluJiMk
PxKuvqX
sird
sBVanxAaq
PN
jpiRnAOeQM
sPVKhjVgHF
gEAkOn
bhTbZdP
bZe
UelhVQb
E
SmgVzqt
HOArF
LwZmAiYfe
vNUr
omJW
bZe
lrME
pr
eGqdlaY
Y
DlovA
UNOsqW
fHuFHslwAL
GKsdAYmzJE
JuX
