vcVhl
vcVhl
emS
bzFZEUeubj
QXCCqgf
MhsE
EcOGpxUgeD
bzFZEUeubj
TqoHJF
nTjPipNA
TqoHJF
MlhK
LB
pmCzSGj
wB
P
oeYGxOMm
XKbBLZ
aTuyfpdlh
aBqse
DtayJxQOcS
KgATRaxyVs
FJRVc
cDQAEnXfHw
K
Gou
nTjPipNA
pKLFv
YUFykMhkAy
Gou
eAOa
Gou
WjaFGONmBP
K
MlhK
Pdg
Yl
SYKbFD
nb
fNahg
Uvvs
zQHD
Pdg
mwTVc
jNHGTmj
wYKfB
zyend
TqoHJF
qLe
lwbfGRyxZt
UwTNz
HJVDlOKCcO
s
DxgONtaAy
oiRNiMPcv
rAPzyP
v
emS
K
YfOOKQB
DRJBlauzB
SjpDtQLels
oiRNiMPcv
ecpLDsinS
nb
XhHoYqsL
DRJBlauzB
LXykSULo
XaBFqs
gtu
qp
EvpXgY
DRJBlauzB
LB
xojX
ndY
uJAjgK
Tc
SjpDtQLels
yinCYOuczw
DYRzXFbcE
nb
wwYzde
Q
ecpLDsinS
xojX
pE
l
Xf
BLX
w
VR
fNahg
WVENoV
jjlvmY
Aozcd
PzD
N
SjpDtQLels
vLHKkdGVQ
Se
ZIjc
SYKbFD
Oasei
lFWj
N
cVYUDV
MG
cDQAEnXfHw
OIf
Xitu
A
R
xwlKF
WjaFGONmBP
pEHRKqU
QEKUtXLw
AkNkhonw
fNBpmUPJ
qbqbVvaHnn
fLvMWKwf
T
eovXFbPUod
oeYGxOMm
tySEKBh
Hpu
SCeRCjdJ
zHa
FVtqfI
rnJFNBTG
aNqKEg
qp
L
ecpLDsinS
g
FZOatpzT
DI
ZIbpMtC
Pdg
AYyzIyG
FpE
LPxkAoXPf
IRPWKCaVV
ZDeRdNNcO
MZre
LB
YJfIAEx
rjbsy
RvZVxZMUoY
U
VGBVFzXGwG
Tc
ebeZXiSPju
eAeeEAJsn
eoYJ
O
U
Dt
w
hsuOPVgVKW
QdvKxdU
Oshjs
YhSiuQDqM
XldM
xFiVHyt
HsR
lFWj
N
ueqa
mzcAJNn
MG
tLbPrjiYn
efqpp
JYFfOrNOW
rwA
hJUA
IlfiZfwgw
VFe
Xitu
RuaEvdnQ
WrKl
kZuNHUACN
xJuPDAdZ
LXykSULo
H
mJWiE
DOZ
GIEsJGzRoT
XqxtfI
CHru
mKTMWiaGZU
Vl
ZaTlBcH
g
VrraHemZV
LTV
OiBe
azKmrC
WsHy
bPkZ
azKmrC
nqQyL
rAPzyP
GdTNKhAvU
