112247
119028
76761
0
113354
164219
0
0
0
0
0
0
6361
2180
0
167190
159302
143449
0
83211
0
29562
0
84339
0
0
0
0
60427
138211
215330
51648
6825
181253
0
100597
193335
0
62549
25047
83867
0
0
0
67599
0
0
189443
123139
0
0
0
128624
192465
26094
87939
0
0
121519
0
49644
96754
125707
0
128432
156747
175081
93032
274716
0
60086
0
0
21818
49753
5606
111628
46279
127376
0
143458
96353
0
32941
0
155798
89752
0
0
0
0
172508
262936
0
50917
0
100349
98299
139310
150723
98744
0
0
54662
0
43852
0
181707
0
0
0
0
0
53397
0
0
0
0
101442
276171
39784
0
96064
147285
67923
0
226266
7644
0
299547
144031
134298
344197
0
0
0
67290
114022
0
203012
118198
93324
0
244384
0
0
0
26277
0
71631
0
0
0
94530
61474
0
0
0
38418
25087
0
115913
0
94946
41838
179785
63513
0
0
216263
0
0
0
42542
95613
70636
0
0
48661
155884
49496
76368
0
0
0
0
0
135016
133263
0
118502
72982
118916
99850
22150
82195
0
13149
168115
0
60591
32930
143018
109058
0
114468
0
0
3874
52711
86526
0
141790
77573
95210
0
0
74077
0
6796
48734
82011
0
65398
129121
285075
37494
125604
98296
126958
0
172400
0
0
0
80781
79646
44015
228132
44383
112632
0
41302
67095
41966
126430
87938
51142
97207
218606
0
0
150577
175123
16112
198308
0
97209
0
0
102479
270629
75345
0
176808
9355
0
0
6818
90954
105276
115098
0
0
122725
52997
0
0
107852
0
43139
0
126278
0
56653
0
68599
0
131248
153462
0
0
187664
44108
0
33499
0
0
166276
210204
0
0
183693
0
16313
0
53328
15661
0
0
130203
128280
155926
0
79905
456
87152
95529
6574
31937
0
94134
61290
341600
127869
18277
425462
2030
0
0
0
35004
33169
53528
0
0
88645
0
57992
134319
73350
62903
65163
85905
0
6993
0
65158
0
0
0
202830
63395
51816
23022
96437
66389
179818
0
48428
0
0
114679
57514
0
37564
46553
53534
100422
0
0
259969
177772
37752
0
0
0
80505
0
0
0
64364
129239
0
245349
195706
122300
37655
81182
175648
0
28290
0
140213
172310
63507
0
11032
95159
71823
0
0
64452
0
0
154543
0
0
127832
64577
109827
82231
0
305924
111968
73246
0
0
172326
131165
0
51356
0
0
0
133981
71101
14978
42867
167452
102883
0
0
32576
0
0
81096
0
0
0
39300
124957
0
0
38656
0
0
66250
0
173170
0
0
0
0
0
56698
6838
82793
177630
98168
98672
0
0
0
0
0
0
80398
0
91767
0
0
82720
213419
0
34764
0
0
0
58225
78133
0
0
65224
0
103456
181319
0
0
0
184780
43905
0
92776
45120
135790
0
72389
243402
0
0
103545
192537
0
93820
0
68210
0
0
0
0
182781
12612
77902
1217
0
149786
35902
0
0
138884
484
238684
0
0
129804
15471
0
56684
0
0
19510
0
189546
0
108980
66396
88271
0
33667
0
125639
0
150169
0
0
0
239256
0
0
173601
151756
0
0
2637
117812
123975
0
84300
145333
9114
130097
418255
190370
80256
12725
10279
0
0
0
0
216312
95519
0
27228
53853
9805
0
93384
137226
0
8992
171234
0
40726
85059
0
30812
101481
0
0
0
0
0
0
126768
0
0
0
0
38735
63568
0
162537
97596
0
314368
132186
0
81490
106064
183455
50718
97942
0
24224
0
283974
0
99987
0
145122
0
0
188999
69033
21516
58992
269341
20131
0
0
0
285442
0
0
0
36248
0
23430
95736
79607
25989
151397
0
164884
32220
24789
0
10780
38429
121945
501
166758
96264
37819
103547
44359
0
0
89483
0
303688
21590
74507
0
84839
340770
0
102843
0
201483
0
0
0
0
0
30536
54055
0
9160
67760
133089
140246
38848
0
68152
0
32350
72698
138626
105210
225805
0
0
78835
0
109753
261857
17110
0
0
144352
0
16325
1424
0
73042
0
0
51667
0
34917
0
95603
0
0
90481
0
33168
144951
0
98001
0
0
29438
0
0
102523
243922
0
7242
0
98960
97567
0
33020
0
92116
42871
47879
23795
0
0
109725
0
12377
0
0
54691
253088
0
922
0
0
0
68134
29815
133710
17314
67249
0
0
0
44445
0
0
0
23126
9560
148010
91990
272174
203827
0
147595
0
51242
0
0
0
70294
0
0
54337
0
0
75518
0
0
88768
0
96167
0
17953
25545
0
0
93056
58145
80496
167722
111754
0
0
31500
90509
53859
67025
80201
0
35318
0
191883
125537
0
0
0
0
79677
0
64766
89237
0
144241
0
85187
0
81610
108869
69842
0
0
62518
0
26480
0
138229
169795
165937
0
102824
88772
0
188612
0
130049
226009
63754
95095
99345
0
117482
299933
121791
68206
0
14470
0
90912
109485
0
121328
0
71284
0
0
0
0
108233
33771
0
0
1736
280086
54833
96448
136790
0
35302
25532
0
46502
54551
0
150506
97847
128098
2940
0
0
0
340299
84393
3213
96016
0
141387
139650
107318
0
46171
0
294867
28063
0
0
11943
87658
159580
88459
122918
146651
0
0
60274
59133
82426
29666
136754
0
0
0
0
0
0
116904
29679
200275
0
0
152356
86458
41532
0
0
0
83463
44188
67326
90985
238078
78442
0
43136
179245
2781
14803
87546
0
0
0
0
128668
0
53106
78887
101488
52108
0
40212
162326
55395
128961
99767
0
0
0
0
135937
114371
62436
250055
156478
0
0
41478
55451
88525
85044
34508
88063
288867
0
0
81640
26942
0
0
33930
0
0
111698
0
0
159505
20119
33557
0
35264
0
153569
159106
0
0
0
36202
90056
88209
145225
36891
0
0
0
92422
36492
78590
0
292291
0
0
111404
0
0
155721
0
118133
0
0
143203
82104
0
28509
0
64210
98610
94895
0
99772
0
0
41612
156056
96801
59764
35000
414513
47172
88105
73405
52169
0
0
32627
19869
0
41772
0
0
81531
96340
96513
193974
0
14800
0
0
31199
0
50809
0
96439
0
173213
49247
0
0
144753
87449
248002
104660
0
55082
113751
15065
61148
0
0
126193
0
7130
0
0
51966
85662
68053
7410
16997
42065
0
57930
0
127917
238421
143898
97583
0
0
0
0
73215
0
68589
46089
94826
73586
0
151316
8632
56636
38836
96459
32592
65170
0
45745
46447
0
0
0
8796
137869
82945
31455
21891
15521
4552
96554
0
0
91038
0
55226
152400
27954
0
0
0
134143
0
0
0
99706
0
216575
279829
53146
90884
0
64170
138430
0
0
0
104630
0
45903
0
0
0
0
68749
31220
0
76088
0
0
95894
113992
0
80182
67347
0
90447
471
43751
60643
0
0
76787
0
28556
0
0
0
144086
115743
35613
42429
0
0
69226
0
0
0
0
0
95620
14913
0
248346
44504
0
59313
68549
0
0
0
78258
240142
0
0
31274
0
212014
0
0
0
29468
63836
19081
0
0
0
1101
81563
112590
155098
116022
88417
43705
0
0
175741
125207
103145
50390
84805
6105
138977
112938
207402
177057
333550
0
0
237261
0
0
173459
140174
0
0
75237
59903
0
90904
0
115594
0
0
95265
31827
48550
259281
108381
366771
143748
0
0
160174
53324
18797
236901
61056
10970
0
2092
2387
0
0
0
0
105689
23674
0
0
57415
46028
0
77661
163800
0
153338
48618
90700
0
183789
0
0
0
75026
0
39449
0
183891
119154
223757
0
88355
0
1937
0
0
0
0
36998
73347
82092
78055
62662
0
159088
74113
0
94292
0
14193
0
0
52669
104186
77592
0
0
65919
0
59521
0
0
51935
0
108473
0
209894
0
350696
12721
57571
83231
0
0
42987
215510
23136
83545
157168
0
0
95426
0
70655
150675
0
0
4071
53145
45084
87330
0
52643
0
32193
5672
146671
0
0
0
87373
0
0
0
0
54529
98906
88276
101187
104990
250864
0
171665
88363
0
0
57205
97254
0
0
0
1216
65849
0
0
67962
0
187126
7489
45177
0
91563
0
0
185318
0
61441
0
51803
16881
79611
142193
0
24699
0
0
0
283693
74689
49507
0
0
149174
79704
11737
130479
92251
0
38708
38450
0
0
98468
0
0
105725
0
89825
0
36845
40363
95147
12554
89437
148379
65714
79147
23904
156199
80046
4326
19010
127754
22506
68399
111762
0
42397
0
253005
158708
0
104072
0
0
96508
0
0
228268
174701
86216
18238
148282
0
0
0
101012
144037
0
13205
60026
146335
68524
0
0
95980
87283
0
33874
91012
0
0
26049
0
236163
147120
176280
0
22773
96383
97698
41499
0
86948
131969
93353
14900
0
0
30183
0
24345
111093
0
26546
0
77583
16875
16694
85786
0
59376
0
93890
44605
0
48420
71047
150413
0
0
226075
86453
94196
145672
59165
0
132765
0
86299
0
0
89298
86379
0
216302
0
45040
99039
162356
0
0
0
103135
0
80252
78648
99350
115186
0
51991
17276
39112
0
270932
186278
0
85235
0
51317
0
199305
0
0
148407
0
0
71461
133027
56936
84644
65234
143626
0
51370
68424
49693
0
0
0
111131
56138
0
0
162862
62759
19489
243568
3706
19175
0
0
0
0
11837
0
0
0
66910
64995
0
0
155410
0
39057
76994
41731
14916
0
71545
0
0
41566
45610
0
837
123704
49471
0
47758
50079
67680
264641
0
0
0
0
56166
95023
113780
43778
0
74932
69993
42447
0
0
0
121106
110773
0
128857
98903
0
28662
114025
63044
0
0
34710
0
44224
0
0
121574
0
0
104238
88069
76876
0
0
159784
30576
129751
0
160727
68435
0
0
87005
0
73138
102637
95769
0
105401
0
97310
93831
22833
185972
53949
70779
43496
0
0
192384
0
0
0
4845
39239
187156
0
163592
0
91005
0
97013
0
0
0
0
0
237048
87358
0
23483
75637
94922
116568
0
0
99271
0
0
179644
92952
0
153923
76842
0
97180
98899
0
0
99325
0
70795
89744
171821
0
91026
164601
0
39859
0
127298
120395
75514
0
141607
85672
105678
226137
0
0
68379
0
213626
0
7399
86621
0
0
67864
0
0
62355
0
68082
48443
69746
0
315312
91424
0
170784
0
0
0
0
135533
7932
0
0
0
0
47145
47031
0
0
38082
91598
165798
0
0
0
143949
70451
55337
0
0
271629
0
315
9297
0
0
96894
62161
0
131070
12440
60801
49201
0
35896
102266
0
0
60489
37314
16122
0
179620
67437
0
34743
163436
95063
0
0
62741
0
29923
0
0
24360
0
141621
0
24784
0
21986
0
132677
2848
3530
0
41672
0
0
58508
81896
37009
0
5068
0
73358
0
0
77219
0
65148
0
61245
0
0
75930
0
42213
98980
140146
81557
0
0
93154
0
67406
0
92745
52914
165503
6682
0
44930
0
78164
0
0
0
51928
0
0
0
150638
51373
34682
0
48285
14916
35309
19495
92877
89399
110804
99605
69522
101808
17611
0
189273
8073
0
0
236473
40364
152326
63338
78693
106505
0
0
68606
135783
0
0
0
101631
31573
0
0
0
162450
0
163360
0
33268
89393
238255
71089
0
93499
48751
112659
44252
0
0
38703
100682
132315
46793
24772
418116
39683
46647
83986
70688
44637
0
0
0
0
69592
81924
150016
62112
101428
130805
0
34878
29718
104563
0
32333
0
0
99543
40751
168093
0
125836
0
0
0
267316
0
60866
120879
24502
167845
0
53851
208972
118572
26756
0
216154
226270
91799
80731
29989
232984
73448
0
70964
0
0
22851
85960
0
22606
0
36963
40520
92158
0
20015
0
16279
67701
201504
40202
0
42779
151387
118133
91390
74972
0
131056
78447
0
87463
173612
194159
0
67086
0
98228
0
0
71870
103720
0
1650
24156
0
64320
12992
0
0
40792
0
152880
71181
142687
69777
13137
0
149509
53515
130621
0
0
0
0
175757
0
128826
70734
0
95562
0
0
0
0
38560
79598
224786
0
24820
94791
221898
94951
132422
0
47314
161068
26791
90451
73232
26177
0
0
0
92058
67238
97962
27363
24506
0
217640
172215
0
0
33356
8869
69145
0
8219
0
17059
47256
29617
158762
92716
63819
56604
0
13188
0
0
86684
134116
0
427736
0
38811
0
0
28157
49173
30113
97761
89970
0
23974
0
126075
0
66836
33116
15435
0
54763
94298
0
0
0
0
96464
77588
0
83290
0
105990
166823
102554
30668
0
135879
0
0
0
89623
20550
45156
0
90372
170398
0
137324
0
0
13706
92989
0
173723
122003
165558
165336
0
0
85224
76671
0
103598
69403
0
25436
216307
96917
300138
225439
0
7094
0
0
5480
0
0
156172
0
0
0
4022
19417
50803
89347
18615
36376
4197
54692
0
0
20125
77154
0
59449
0
70154
0
128503
345081
0
23500
0
57393
43819
0
164572
197145
39511
37849
0
0
85448
0
81191
90542
0
100847
43774
134865
0
115659
0
0
0
343651
134861
0
313519
0
47670
33938
77660
0
97379
47091
67222
0
62185
0
0
0
0
0
0
78745
0
0
163112
74408
70184
0
0
9375
0
0
0
151442
0
180147
0
0
69707
0
0
0
0
0
0
165137
232121
2758
37128
44573
96858
0
0
97438
0
28195
0
244154
64466
67393
0
23178
63423
0
54667
94974
0
66219
0
74147
133272
0
54000
0
0
100242
0
21469
0
0
0
0
73987
99988
47482
0
62039
0
161699
212495
26293
42892
0
181417
57196
0
48631
0
30101
148031
13518
0
29697
0
55821
98080
0
0
111984
0
30077
56422
26145
0
63074
0
0
0
107930
0
0
0
74975
65944
204045
7866
0
0
70114
45463
0
121887
34467
39360
51931
0
95065
192182
95402
97351
0
88938
185423
62236
36391
0
0
0
0
0
190316
159770
54548
0
15779
68264
0
125688
0
0
6732
25244
0
95715
178324
0
99850
56645
20278
0
0
91127
0
0
177039
290883
0
104978
33920
0
63988
0
187306
200359
248022
0
134396
0
0
4019
86904
0
77154
92713
82918
1832
0
126999
0
92017
118283
0
0
0
1069
82397
104410
0
8974
26848
0
93713
8321
74978
0
52075
85304
79863
0
58323
0
86562
207085
0
82690
37383
0
20943
62526
99022
0
97506
0
141311
21155
48304
156854
0
0
204684
0
137740
70190
83068
24255
78903
22525
0
119813
0
0
0
0
91919
0
30587
153970
26435
0
38196
17709
0
46994
134429
0
88796
69083
49199
62768
107582
0
100477
201522
271991
119172
0
0
0
0
0
72452
0
94443
145146
40590
0
0
0
0
0
0
9555
0
0
15879
0
110543
43279
74535
0
0
0
95744
486054
92666
0
104536
0
193861
234953
314219
59644
0
0
66309
1446
0
0
0
174356
0
6781
129049
77636
0
0
0
202810
58858
138585
102899
25136
67755
150034
122254
0
0
0
0
83801
32000
90369
0
21645
91424
32069
42400
0
69276
161252
0
0
0
26854
0
0
19117
107765
0
78622
54722
37605
29875
0
187797
77078
51177
112347
0
64363
109010
35491
112690
0
0
75616
0
287300
0
143557
0
0
93774
0
99159
0
0
26357
0
0
102985
284347
81852
0
0
309577
85746
0
128694
0
69253
94336
97044
0
176423
0
37737
184214
0
13158
112703
162371
2908
85789
0
2420
64094
136248
0
29273
67830
11948
250680
0
0
37254
0
19407
127052
63518
0
151706
90690
0
0
0
78505
0
101105
84298
0
29227
0
0
90296
266765
0
0
0
72452
0
0
160036
89396
29508
0
0
36999
52221
49430
0
0
80844
0
107873
386896
25237
0
0
30722
87955
0
11699
0
31338
189069
0
62395
169589
168400
36174
0
11500
108534
76991
0
5165
68342
0
0
0
157100
0
131234
0
114248
0
0
49502
39659
43816
46800
33207
67991
0
32766
38215
0
123720
0
215683
0
110393
0
6860
82178
33087
0
18649
0
0
0
22265
87525
118731
0
38197
0
0
91941
0
0
100415
78214
0
63555
0
0
0
0
3529
0
0
159987
237214
72655
0
106851
40150
59690
6347
127784
0
116309
28629
15025
0
91860
36271
98665
277556
0
0
158621
5913
140958
0
0
169127
43665
196080
86785
56209
0
0
93973
0
93138
82683
9001
46122
0
0
92758
0
0
16431
147663
166030
178554
107869
115174
131826
0
0
0
0
0
60174
77941
31981
168589
92499
53324
43236
0
0
0
0
9271
0
126641
0
6819
78673
86192
28416
275118
0
72580
98479
33702
0
102328
0
171014
27216
0
0
43579
58434
0
17898
0
0
252944
0
44872
37530
82860
0
61678
150020
152884
108994
0
0
0
0
0
0
0
0
85617
96985
97679
2257
63708
0
199148
0
121159
0
194224
0
168324
69309
2545
0
61481
138076
149668
118132
102451
0
77850
91805
64128
91970
30006
101902
0
0
0
114537
0
0
0
58161
0
111708
35953
0
0
86100
21593
0
67998
16706
93485
81212
124176
0
133563
94325
0
0
81782
396365
0
65327
76351
0
90643
214171
126634
0
215205
0
0
915
0
210592
50815
153013
0
47054
145715
0
0
156665
13314
62802
0
0
380753
97269
61988
284349
36082
38748
91249
252652
163514
180569
0
0
0
11656
38634
0
112087
48161
96736
188434
0
109555
13648
0
129500
0
122713
41970
42061
213442
133803
2465
119767
0
202536
81760
174095
74502
76004
0
12288
323070
100657
0
7838
76407
21570
0
26295
0
29080
0
0
135455
0
0
150074
12022
0
0
133110
0
0
0
138016
0
19190
0
0
0
0
24797
45668
0
0
0
74240
129777
209519
0
0
0
0
111261
135658
47226
65358
83456
0
0
0
86793
0
0
0
51597
80794
123615
47692
0
206464
367919
6332
60120
38674
67262
168341
85517
226618
0
14349
54421
54330
85103
96688
0
0
122192
0
0
0
78384
89136
52165
130799
62018
107553
0
0
105799
94474
108540
9915
79183
119106
50718
66159
96345
0
97126
0
0
0
0
0
38155
0
0
33315
94752
0
0
97368
53507
0
77037
81304
0
145331
166531
218478
101964
0
5908
0
96644
23089
28938
116233
16468
0
0
65193
172413
56885
118547
0
29056
9234
87094
87622
170392
68878
84894
54386
0
0
88531
63790
0
36855
81570
3940
14001
61494
0
0
0
174866
0
90045
0
24997
140628
0
20228
0
60674
0
325659
0
41650
23169
0
0
0
166025
0
131165
101472
94394
100264
0
0
2235
17450
22225
81376
83406
0
49147
66738
0
0
23163
0
21303
120784
20702
0
0
0
0
0
43143
65383
348134
0
0
0
3805
121515
0
0
175338
28050
65020
69654
83825
124492
0
0
94292
29934
0
43569
0
90440
0
152252
0
68453
113279
0
93697
0
0
136784
0
113946
242881
4089
72888
150265
0
0
97931
90273
180787
0
211886
152644
0
43187
158795
260763
60910
168784
76171
0
77520
0
0
34364
87095
51524
0
58608
0
18066
0
0
31717
0
0
0
0
0
160426
0
80635
79547
69044
22906
38955
100752
159801
102033
174761
213703
107207
54857
37952
0
0
38503
0
0
0
74334
0
1842
62932
114806
0
0
214609
86738
0
0
0
100369
88380
0
147343
0
80998
0
63566
0
181478
1337
24730
0
88903
0
85977
96843
0
28917
44274
93671
0
15313
94903
0
67486
30317
90425
65506
0
0
0
6871
30033
13147
0
0
264440
97347
0
0
0
108717
0
104554
0
192459
0
162753
142018
0
57372
67160
54432
35080
65504
64821
120321
64227
0
112552
82174
0
0
118563
0
0
0
116431
30891
24328
46989
175203
113699
0
88869
92008
42420
0
136818
34878
42417
0
0
79123
202666
243027
0
0
45827
15607
40650
20488
67559
0
0
87372
0
0
7021
109588
90639
0
82669
98259
0
68800
194472
175816
19703
0
0
84957
175127
0
0
97360
175273
0
247767
146077
0
67897
68722
169796
0
1767
42949
20445
0
0
91907
93830
110884
0
185239
151945
0
62451
45042
143837
0
0
39328
91193
0
0
53457
64986
121745
61020
0
2192
12849
56001
0
231351
0
96063
302672
0
11845
39924
126919
158417
56179
71577
0
122363
62824
0
59072
79258
42866
0
0
19127
94904
0
0
97437
0
0
98231
0
0
11238
13622
0
260735
0
190798
285601
169797
0
0
70965
0
0
25519
0
7586
15183
0
0
0
0
16396
0
224687
0
116505
141172
0
0
67419
0
0
13918
0
45931
36597
126629
68612
61620
82257
45563
210302
0
78328
58427
3245
157355
0
48393
42558
42026
25770
69150
133645
0
8536
0
52570
161869
134116
0
0
149933
151292
0
99954
15480
50486
38730
90386
41267
0
307423
0
139755
84706
123950
93603
33729
173062
0
0
179467
0
0
108192
67760
181684
106562
53892
0
0
0
27185
0
0
34128
0
106838
0
8031
7436
0
104196
0
0
0
0
0
97420
176653
36495
1301
35176
140973
141356
58493
80607
0
0
0
68909
0
23292
0
0
48898
56830
135100
88078
3145
85853
0
0
146290
0
0
0
236633
150270
0
0
0
99825
152611
0
0
96182
173202
8733
239659
117394
95160
66720
160068
153018
0
98172
6866
31604
186879
156251
38302
48197
0
0
472
565968
0
69656
0
13935
0
0
88646
53577
18281
0
0
209819
229372
231535
22585
0
0
0
0
88855
438546
153365
0
129656
78190
18270
152407
0
0
51275
14511
0
27795
16750
21128
0
0
11360
83847
15727
0
173434
0
0
87548
0
0
0
54121
35729
75033
67600
0
0
0
0
12208
0
42859
181370
66121
98485
0
204396
0
0
153004
0
106403
0
127648
7020
0
154058
129764
150417
0
0
54982
93099
121193
0
72976
23053
0
20618
33417
0
78122
77348
61985
0
25981
0
74250
68271
185422
83186
0
98936
0
1197
105208
218282
52909
0
18112
253043
66099
236004
99310
126423
0
285331
104549
0
0
161609
0
47747
83630
0
246060
31673
34440
0
0
54694
0
113181
5081
69305
0
109754
42772
22007
0
0
0
95085
0
38368
0
59842
0
84587
0
137320
0
1754
18635
83800
114095
0
63686
93812
131822
41270
0
107024
89625
171175
0
17770
118344
21665
48429
0
93778
0
25602
111415
201063
0
311198
99756
26762
0
59100
0
76139
82069
0
0
0
34971
11486
0
55657
63131
0
161195
78601
61886
0
22610
311967
123988
0
0
0
4729
0
13389
191929
123065
13787
140317
26744
127114
0
0
74853
144872
33429
98345
50313
0
189332
0
0
42074
0
0
41870
126627
0
142851
0
74361
23927
82125
0
129510
0
0
87504
5500
0
0
55622
0
46172
86296
209219
35392
0
45832
42729
0
0
41457
0
138550
49548
15480
158301
0
82890
95562
91127
0
81501
0
174084
0
79425
237045
268120
126070
93311
102527
0
135591
84878
0
39462
105200
123595
82341
0
38180
0
0
0
218073
58964
28063
0
16944
3724
268152
223055
66142
0
107625
0
0
77263
0
0
113072
204187
0
0
0
129540
0
0
83596
106602
135719
137890
10109
0
117213
180255
115062
4315
34754
0
81172
67068
0
163003
0
32024
0
0
0
0
81974
122945
226030
65996
0
59368
87447
0
0
57624
59604
0
165952
214754
0
36683
175952
105417
0
52414
0
0
0
85937
0
82147
3701
30441
0
144480
221886
70797
60155
39560
170098
0
0
0
93994
45693
172332
0
176004
208162
31076
0
0
0
95730
12910
191465
74269
131191
2335
47507
0
0
26913
217855
92571
0
19616
108244
22376
35561
0
0
161734
350070
0
0
0
17391
0
4242
93040
76011
77018
0
39405
0
0
0
0
59001
31647
56803
0
272348
0
92862
56022
36813
120796
0
0
108576
0
0
0
97179
0
96176
62340
0
149457
8549
79767
0
0
42873
0
143113
149700
0
107053
0
7392
49044
130894
22312
0
0
74626
8466
48482
67939
0
174939
67958
44670
6246
72234
78251
49244
75709
61603
0
0
74373
63971
56351
0
98108
26154
0
0
87402
0
0
38220
0
1877
64340
0
0
80784
128500
161405
0
0
24864
184751
8874
84567
94290
120978
24251
86190
156041
0
0
190631
176019
53243
8347
85514
124541
217301
0
0
88294
214520
529091
0
136036
91792
0
111905
62997
92516
211335
145609
172110
60143
0
28585
26884
0
0
15229
14295
0
22729
12671
64341
94296
56273
0
120107
82519
94880
0
90945
91858
4963
72305
78763
0
67229
52459
61241
0
85226
201001
92457
2798
47220
0
0
273278
74247
0
145590
0
75337
98136
0
0
10818
38788
0
682
26420
12998
0
0
0
215703
372
0
92943
62083
0
72101
82443
90800
0
124971
8142
146260
0
0
76010
399915
0
108209
55807
71553
0
126271
0
0
0
0
0
0
37242
0
8452
74809
92730
259332
0
0
61080
44948
84607
6780
262046
0
0
66747
0
0
26042
93716
62514
222045
0
0
55567
0
168019
0
4400
134560
0
70964
169422
0
97724
107565
113206
106760
0
0
96753
51354
0
58477
0
60497
72282
30144
0
39587
22484
150820
0
85917
0
278843
82189
0
0
0
0
58077
73875
0
23342
15929
90335
157745
102031
0
0
0
76218
46572
0
41738
166945
0
64234
0
14585
0
155214
0
0
1588
25009
51973
4599
0
48066
32517
0
77703
96859
35848
46391
18016
74882
0
149748
75095
12688
144257
108846
126869
85130
54442
118923
54117
106677
120889
0
77144
0
0
124867
0
101359
0
53879
0
85593
43938
0
326039
0
0
0
49511
207104
0
0
61187
0
0
0
326718
0
88853
0
51666
117902
144591
37294
0
64
0
0
0
118207
0
88613
66575
0
70477
193851
113781
4710
35658
0
7615
274186
111590
102906
188274
98391
8085
39254
60956
63252
81122
11342
0
169571
17321
0
0
55714
78406
18171
0
41173
0
79411
19755
126314
0
0
39196
6600
75724
151092
93923
0
0
49556
0
68597
70528
0
0
131560
0
0
0
12822
170829
33734
50266
7909
155148
77277
0
86388
0
95765
94090
0
0
136102
166252
0
97002
0
0
89032
29138
30255
40741
133011
0
124573
0
0
1880
155782
67299
137062
265629
0
250192
0
139451
131492
239230
46891
0
90600
23710
0
0
0
0
68350
169247
71558
50639
0
78155
249449
0
46967
172917
0
39798
0
0
0
0
0
55930
191353
112958
33881
110898
0
91675
68757
0
0
0
0
98620
0
62209
0
0
16253
112100
74008
0
19659
33623
0
0
215628
25174
0
156362
180281
70121
0
0
72009
0
177093
11457
0
0
18375
96400
127931
83531
49954
0
83226
88869
0
0
73178
86032
0
0
45145
0
0
30369
0
90713
113649
0
33382
175459
128801
95058
0
0
52144
63647
0
21116
108772
0
75006
123043
22259
222971
105802
0
0
138436
0
0
59321
0
0
13102
153058
464303
175698
100435
82467
0
97520
146422
0
54483
210350
155099
29146
93021
0
0
0
0
0
0
57967
0
0
0
22255
0
185516
28455
0
0
30576
151721
0
193471
83442
83978
0
211898
58995
4640
0
113115
106511
88830
134193
79931
77967
36607
0
0
1032
41464
0
0
183470
71175
171389
409784
0
0
124613
89819
0
80499
0
0
44746
33912
0
0
47801
0
27291
144300
0
0
0
40617
0
67133
31531
129640
50078
59080
0
0
68583
0
76799
38976
79120
530140
79382
0
61819
0
0
99683
0
82641
81380
0
0
0
35822
29368
127988
31151
142491
0
157074
0
0
58400
0
0
101982
252173
0
15488
159290
0
0
0
0
23273
82262
0
94173
70454
0
45985
0
65973
0
0
0
0
0
0
52974
0
111217
8437
130237
0
40152
28763
102784
0
54231
93664
0
101165
0
46505
0
0
0
0
160615
0
212594
0
46055
0
144549
12891
57957
83329
0
0
0
0
91489
95021
0
121208
95333
173491
36645
0
62390
98034
0
150398
0
0
65278
34813
58313
0
125826
81639
77833
83608
15598
0
47657
59801
0
118051
7986
68875
69753
54835
83341
51236
90546
0
0
48762
0
0
57590
0
69286
109876
66175
0
96305
0
0
0
2651
166833
0
0
0
25375
48118
109200
0
0
46712
21743
113998
125019
0
0
0
0
26613
45449
0
288812
0
0
0
63117
0
79460
61878
177766
0
0
29996
136532
0
36263
76112
45821
119239
0
0
111417
0
35094
146482
68864
17530
74007
0
0
227956
0
0
46328
12791
0
0
0
0
183980
0
0
73973
0
108386
0
10462
0
67922
0
16913
145707
101535
315847
56459
93579
0
40818
98893
89436
50275
0
0
0
10929
74902
0
62478
70879
0
93282
0
0
56338
0
241515
0
62709
0
7742
176306
71649
0
55005
0
8856
189398
84768
119843
181311
134944
0
172505
41633
0
0
0
20526
145350
0
93614
0
2107
0
0
256286
0
0
144154
150304
0
0
60059
3261
2954
0
0
45200
28275
29031
154130
33723
0
0
0
98602
41744
66930
44725
0
53703
0
0
0
57690
114280
82222
164019
157717
0
76259
0
0
74899
0
88792
24460
58771
0
0
0
0
173194
66257
0
70442
0
17180
52504
0
0
104736
0
84930
70585
132487
87117
0
190790
84432
0
0
19466
0
73994
91782
376935
12929
0
183595
0
57376
103354
17775
121880
28950
0
177441
0
165741
124661
131376
226099
244604
171092
293637
306690
51599
63615
62832
95547
115236
28613
64059
86338
0
0
98025
93593
218688
88789
0
64201
0
40786
0
0
8562
124602
0
82627
37609
0
25625
159053
59023
147869
32455
0
52281
0
2994
46819
0
0
0
62783
0
0
186233
0
0
0
96312
97265
0
26855
0
0
229647
98045
85211
87850
0
66246
126850
0
0
13440
0
0
145759
0
0
107525
37648
0
20336
0
83877
63279
0
143700
139461
0
133669
151314
183739
174293
150472
0
91783
0
0
0
56558
0
253824
176481
0
70112
0
0
0
33081
0
41112
45490
0
26748
123920
0
0
0
0
0
0
76755
134228
144721
0
28164
146497
32856
54496
0
0
82516
99397
0
0
36096
0
0
73067
11227
84796
0
0
75189
0
82328
0
93001
16066
94634
50349
124184
4633
0
0
0
0
189277
43555
66939
135977
222945
0
287193
0
83005
78557
87462
0
101862
0
161954
0
0
0
0
123800
0
88924
68654
0
327209
6297
140879
119818
136848
32014
111284
0
87042
0
0
5920
39252
0
142696
0
55435
105244
0
102693
59882
46495
0
0
213718
0
124183
72431
60425
0
90828
79397
208198
14675
0
167124
0
0
0
0
106993
153853
0
67695
155572
37916
2283
254268
0
0
0
69802
99366
151920
74721
66249
0
166126
0
0
0
0
0
49743
0
81457
108570
95495
46490
10479
0
173096
118934
53013
144323
156745
0
25153
0
0
99387
129489
7296
94501
75410
0
0
0
29717
196234
91918
2630
0
0
0
84374
89986
140252
267372
57928
0
0
0
60777
0
61791
0
0
0
0
30473
0
0
0
112709
98811
260888
72050
122209
0
0
125720
89067
0
0
0
72417
0
125598
0
100143
32671
95585
0
0
10432
0
0
61101
79315
188238
0
87923
0
32603
123734
98554
35193
115571
0
0
223917
77250
37354
0
0
0
0
38835
40594
21203
55303
0
0
183438
113233
0
71851
0
106332
66709
73549
193745
0
105648
0
101767
0
133088
14879
0
0
34427
0
120005
124972
0
78684
0
0
141679
0
16896
14915
141032
89856
93262
0
167059
115953
78003
0
0
88368
88996
0
30281
0
82175
0
0
45539
87696
0
128228
0
48236
127664
0
0
44705
18276
0
233951
181020
31529
0
230047
119247
54136
0
64166
0
0
12209
133262
0
0
113079
0
39796
849
0
247879
112924
82867
79109
0
83612
94126
62955
29036
0
0
97526
0
93453
0
139068
0
71346
0
34177
73931
47906
126636
0
0
99402
25915
54148
59853
91411
102494
98296
0
4810
0
40675
0
274146
117385
0
122504
64844
50063
16121
0
0
89341
71452
194555
7282
88699
134914
0
0
64244
81069
53128
0
152098
0
0
0
152917
124501
198890
218154
7024
0
46553
83552
74261
0
64220
0
0
0
0
0
0
96882
0
162860
211625
97335
77284
0
0
0
76874
107340
92397
38837
137471
265229
0
50800
69752
98729
49058
88575
0
167344
0
88931
15367
0
47272
83131
33164
0
0
0
0
101442
127888
0
0
53151
0
98142
0
201092
0
0
163982
88540
0
87533
34715
0
0
69767
0
0
0
16075
175481
0
72976
197682
0
37307
310139
71870
75967
0
161229
0
67047
25952
0
90134
153222
0
0
0
75787
0
0
165138
0
0
71301
205731
214568
174479
71225
0
50673
0
0
0
146120
55935
343742
0
107179
90233
0
19113
67620
0
0
0
12280
17372
0
0
219123
12848
148507
0
38456
0
0
14891
0
85385
38632
0
21768
172864
0
21489
34720
0
25236
0
39923
74108
73040
0
0
40620
88939
0
0
81089
0
36971
0
0
0
70135
1315
0
161851
0
85
68942
132639
86198
0
0
24192
216492
0
92532
272246
196532
12531
181169
46828
0
0
201771
29754
0
0
67656
241729
10407
20580
77756
0
275303
304567
45235
0
0
78318
0
0
53629
98017
80925
58498
0
54494
0
65435
0
0
0
34749
0
0
0
54937
3863
91312
79854
59355
0
0
43177
69341
81898
96332
195413
0
93913
19400
127451
35565
0
157722
0
83073
58619
86834
0
0
81086
40398
104636
0
0
0
173244
94749
246085
41893
27977
0
0
0
118771
34726
59537
122165
169076
97791
59480
104803
172163
0
141732
0
40859
93721
53813
155986
68585
0
238940
0
181451
130789
0
0
0
139113
0
7608
43991
0
0
0
71458
50349
146690
52739
0
41918
66451
179451
0
0
0
0
85981
53731
0
28628
72500
0
7860
0
194907
0
0
69521
0
75921
19157
0
139754
69513
89705
0
62104
115980
0
2765
0
0
0
174126
62403
62106
23737
16845
0
62795
0
88852
112031
0
0
0
252479
181168
84447
0
82767
0
0
237970
0
71892
0
0
163363
0
159568
0
56814
0
159520
12564
0
0
0
30894
47863
0
0
0
166222
93643
91533
71620
0
230690
52143
118919
65430
10098
150159
0
0
80478
76190
155770
141504
165431
96176
0
0
89967
23832
15457
75555
0
68503
58806
0
117539
0
0
0
2013
203937
0
0
31419
157730
0
12173
0
0
41564
0
0
183744
0
0
5302
3444
0
298744
185778
0
0
22019
0
0
43252
126847
146712
63163
0
99643
110206
30823
0
14651
48096
0
0
69631
269215
0
178701
9499
44961
66358
56775
2712
0
0
61329
0
88979
0
0
87037
0
232834
0
56339
0
0
217774
81140
40797
0
83774
0
0
45140
0
243254
92633
0
29141
89214
0
126988
0
0
0
49933
84121
32174
155108
0
34213
70070
0
97298
60113
0
58599
123516
94189
8259
0
135500
0
0
123860
10523
0
0
0
0
56515
0
177885
40003
0
0
0
0
0
0
0
0
146472
35793
0
0
0
107496
73627
0
148378
8620
361087
0
0
0
0
60143
77386
67188
314227
239175
65540
0
0
0
70292
74823
0
127615
0
16199
99511
195747
0
73973
0
0
24728
171314
83785
0
0
98909
105777
142841
0
0
53946
0
3251
136758
40750
1314
0
0
0
228341
141131
36095
0
91731
40767
33953
39924
0
0
0
91732
21915
72475
132363
214037
120801
46026
0
0
0
0
58077
40149
95794
0
0
71452
115804
77604
95003
0
0
46706
168224
312632
0
110250
0
0
241745
68471
0
53180
85711
74853
73068
0
53574
0
58862
1990
0
76092
0
91509
97991
288483
80509
42864
61465
118485
18368
0
0
124318
142707
76313
141867
0
161241
12927
0
98806
0
15270
0
0
88423
231970
57300
0
0
83572
0
134377
0
0
48955
13018
0
0
68225
62155
127775
0
0
0
99526
10569
57432
37479
199238
48774
126199
0
0
56651
0
0
295445
0
0
0
18826
185047
0
116073
37367
0
9863
0
59367
0
174044
179300
109045
35782
95983
128079
0
0
0
0
0
0
0
0
121822
83746
0
0
0
205286
81146
130483
0
14692
74899
82424
31829
0
44816
0
128856
182350
163457
157865
60868
81646
52343
0
0
0
96716
223294
78079
0
0
41562
0
3586
72491
0
6705
84960
87994
0
184757
0
68642
46348
0
0
93006
0
18504
0
0
33767
0
0
100621
59914
0
0
0
0
0
16037
158573
0
156712
125167
0
0
163576
0
79203
222451
0
61292
70250
0
63308
0
0
110864
99886
0
30683
77337
0
89139
176735
0
167033
31636
108885
76510
0
146818
49078
174125
0
0
130132
281154
68088
90086
33939
112520
0
35706
0
0
46165
0
137715
83171
0
0
0
95695
0
68762
84787
63917
138950
58820
0
33661
91683
0
0
0
0
116130
0
0
33610
76376
0
58634
99088
22450
0
0
96352
88674
255740
85252
87953
130825
0
0
119606
0
80736
0
0
0
114885
143427
18884
120188
102786
82281
117331
49311
0
0
71577
86147
92200
48525
75536
0
9997
280929
25691
114173
0
0
83665
36210
192678
0
0
38811
97619
86008
46413
242293
131668
4552
0
42498
53431
0
168184
0
110372
117848
10293
0
0
51550
19951
58646
0
28240
0
0
0
204578
0
0
0
56385
69081
0
0
0
0
96142
134560
35964
79897
97620
74846
99882
146880
28813
0
0
0
51527
106016
84726
0
49285
46359
0
0
0
155647
145404
0
0
95875
0
2381
91789
0
0
96908
0
61255
0
0
167090
97091
7182
58109
99152
0
0
0
0
68834
0
42329
44593
83653
0
120734
85291
70907
0
86404
45706
98616
445955
0
34558
160253
99871
121045
0
12041
110074
45372
75916
0
0
138234
0
0
42834
89943
228484
0
0
179923
103640
0
170889
49260
55174
0
81298
162802
315803
119504
62050
54368
177325
14040
0
0
0
91080
94594
173617
243202
0
74159
77959
163962
59127
136934
95421
46092
0
0
0
0
90186
0
0
120821
0
16029
0
162753
162058
249360
55838
112946
105821
0
185305
0
16518
0
100533
112024
0
183045
113473
0
167579
50326
0
35681
151893
79640
157913
60726
0
65982
85813
129585
0
320322
157105
96723
61738
167929
0
0
124795
0
76576
0
98661
90676
209305
49303
67187
168233
122090
0
0
0
97079
0
0
0
70928
356214
161475
0
0
47419
91051
6640
119841
0
70110
0
0
105063
38255
0
303578
170109
135161
96495
130182
288799
91479
0
94935
0
65616
0
46363
65908
0
88695
0
0
25350
96181
0
0
70084
10109
141254
65314
66958
0
69635
61726
26360
0
122022
75840
16620
82442
131689
0
16909
0
2682
47367
87805
51562
0
59222
24542
156140
43584
70078
93969
99767
170985
39279
0
0
0
65813
0
0
98799
302004
14622
159525
227398
0
0
135318
0
10556
0
0
77279
0
72189
0
89049
62741
0
182657
0
0
65804
27220
48106
74736
0
241746
0
13057
12760
67552
0
30064
212221
52468
0
0
83670
0
0
31111
0
57398
90309
61526
0
126134
131484
68963
65344
181406
69714
0
0
75849
0
0
0
83849
0
0
88292
0
97569
219632
0
0
0
78285
0
94776
32246
0
0
261067
0
0
0
69245
0
0
28008
253941
0
0
139287
26500
0
0
77459
277048
35015
0
0
22525
0
0
68955
68254
0
47566
10374
105657
103555
147470
0
19457
0
163941
85139
0
0
0
0
50735
93253
162606
0
78012
93704
96737
0
0
35028
57366
0
0
0
157539
186736
0
151959
0
0
0
0
17099
67844
86758
86929
49857
14994
0
17554
0
62227
0
89732
95744
73075
66607
44353
378447
154159
59293
105140
0
0
287447
134639
0
88903
0
0
0
54869
0
67932
0
0
108574
143396
32614
118922
0
51578
0
123099
0
0
125651
167830
83405
41286
0
0
68118
0
83717
0
89155
0
0
100571
83988
0
71880
84405
0
53309
366284
0
0
0
65188
0
81949
23929
136982
212149
45462
73747
0
24791
193518
45791
101615
105356
21360
247388
79773
82846
80843
0
129698
49819
0
51069
0
14643
0
55751
0
109738
51049
99460
41004
0
77008
76159
60386
0
8071
116332
83375
91448
0
55625
61030
131547
55202
0
88370
15164
34207
4272
65863
0
0
0
160381
66897
186387
69020
178811
0
62655
0
74649
245104
0
0
0
0
86227
0
98480
78836
0
90125
0
134619
0
0
0
10790
283577
52680
0
0
29568
75503
0
738063
92039
0
84644
40371
249711
0
0
151236
157711
0
84259
222992
85810
74293
0
0
5105
273511
139978
0
15550
0
39033
84501
0
0
0
45679
52168
92284
0
30702
0
36229
0
261603
0
47365
27860
84927
0
241855
93912
97888
69591
0
0
84272
0
0
97541
147428
251587
96256
25053
0
0
219893
30224
152957
0
0
75358
0
0
60197
90252
116209
101028
110564
0
0
84131
176513
87280
0
0
59138
0
0
0
162533
0
43542
0
62104
0
0
23388
0
91577
0
0
165196
0
90283
76114
0
0
0
61297
0
0
0
33848
155180
190511
139614
0
57279
0
0
146408
49496
0
21735
0
0
0
0
0
167096
103239
0
55811
62022
0
99091
0
11120
41605
69426
0
0
107572
0
0
53994
0
0
97253
0
151967
171930
0
77021
276398
0
77271
72186
0
0
133456
98236
139636
100397
0
0
82213
0
0
0
0
0
0
66197
0
601
96103
0
77810
99101
88499
177615
147075
0
338832
133893
33889
0
92220
0
63487
0
88182
0
96873
177347
114997
0
183165
0
109373
93179
27884
2835
1902
74769
0
103615
48410
143013
0
0
144208
53962
43143
0
0
0
0
16739
46687
137848
73038
0
274938
0
44180
134427
77192
181416
0
0
73114
0
105868
0
83813
163138
64114
73506
0
1053
0
0
153170
68532
0
0
156507
87870
145368
91619
0
0
77009
0
0
31200
35111
117913
105259
0
55401
42780
0
94224
0
0
167846
0
0
121963
152440
236694
0
90030
149006
99241
86095
179435
136848
0
71736
0
59509
168288
146469
53366
0
126935
129932
8264
0
0
127809
137717
72897
270795
228015
0
0
67477
0
54558
0
0
89608
0
124942
141497
0
57610
104910
66618
0
0
0
0
185316
69534
13695
75287
94762
43719
0
87242
60149
0
0
126820
122566
84058
0
136319
0
40649
0
61484
154524
0
0
0
57871
166737
0
293800
549894
0
115909
0
71955
0
56421
0
14803
0
84848
15090
75273
168340
96516
69424
215726
17853
76470
0
58580
132953
0
146621
0
0
103966
0
90731
46309
26535
73830
0
181850
127540
22306
0
87252
129418
27098
0
133317
0
19710
0
0
359217
166799
34470
201491
152518
0
0
0
185241
0
9451
0
0
66997
67473
85722
96508
43487
74706
0
0
80993
64572
0
0
0
0
0
292567
92187
0
0
42988
90068
0
322270
68450
29448
21872
99517
0
99397
0
0
0
0
0
78724
58839
170854
30645
5906
111239
10402
78099
34853
45338
36327
24256
0
20845
0
9463
16558
0
0
126111
4093
9640
88051
183145
108033
99399
93666
94195
35479
0
0
108987
0
80529
0
0
0
133619
0
70091
64211
69252
0
7219
144698
88226
75206
0
0
65694
0
88327
0
158361
91090
102364
54689
131539
0
0
109238
0
307232
72512
83583
91753
0
0
0
94519
0
0
0
29993
34319
58375
0
101953
33159
58262
4471
0
168569
0
71955
0
174808
31899
0
117034
123078
0
137056
157048
0
78750
132685
0
1109
95613
0
0
50619
48830
74472
95413
123740
0
0
0
62284
0
0
0
267374
61716
123346
0
0
74260
0
129930
0
15268
91515
0
0
0
87564
0
36001
28018
0
0
6518
25461
43182
164049
106726
0
37769
122172
73605
0
75552
58564
1422
100853
0
194610
37763
60896
0
40344
0
39626
84212
204416
89273
191919
124548
15272
0
0
0
42435
111860
14797
0
85939
88561
0
32742
24995
0
3482
0
0
100331
82333
96339
0
0
61760
66376
0
54183
0
188327
0
0
0
52102
82227
96287
0
142228
0
144667
82244
31821
35711
0
57625
0
118255
189061
154360
59206
90522
93976
0
94389
0
0
0
0
0
0
0
134202
0
0
99456
0
0
0
140565
0
0
0
0
0
68539
0
0
43846
0
0
0
0
207768
107336
3898
147900
93089
0
0
107407
73627
0
0
0
93855
96949
260681
11455
0
106046
97922
198329
65158
71862
0
0
120029
118855
86111
0
138247
2666
182843
0
0
15483
0
51860
222652
0
220681
0
98115
47942
63123
111299
0
75948
166350
0
0
131874
75054
105959
0
0
99979
0
45441
0
33405
0
33266
0
0
188608
0
237733
0
30700
0
0
11381
65039
74477
129842
0
191783
0
216822
36973
179294
49329
0
68173
144214
0
0
288126
48315
176517
88246
27418
96826
0
68302
90969
0
29938
87618
95372
237625
150638
0
249150
33901
91940
124693
0
35452
143802
109965
176526
87507
36156
0
226851
511
0
89222
175442
119636
131487
20006
0
149686
0
0
125921
0
0
72146
139516
0
146939
0
0
30097
116236
45542
27437
125395
0
0
0
221061
0
61564
98559
105546
140013
0
0
0
67261
52158
53999
0
85527
0
0
58574
74946
135992
0
0
0
0
110532
0
0
131652
17499
76462
99370
0
94808
24249
0
0
0
139809
0
0
24323
0
27592
0
56240
0
4850
140510
81418
0
0
0
0
221765
63298
0
76489
0
177166
89245
71981
0
0
5077
168113
22745
0
0
0
13889
0
116873
0
57451
13716
0
7679
0
0
83643
60416
111626
0
79990
0
0
0
97120
79898
76175
219484
169441
0
0
234340
54081
0
0
79577
42438
0
126231
0
89444
0
47239
224596
33648
44586
149134
0
0
0
0
0
50282
0
356813
38057
84481
112684
111912
0
76867
167479
85087
0
84586
36301
0
0
0
68255
75540
0
0
2802
0
0
45797
0
0
0
12075
66423
0
35066
0
52026
0
47856
0
90870
88097
71360
0
148394
57892
0
0
58514
8562
199264
0
0
99481
0
107320
76379
44868
67317
119757
0
78646
46862
0
0
0
0
0
164856
0
0
0
71681
0
17659
169452
0
0
39311
0
86463
0
57745
0
99862
135765
46353
0
55912
61462
0
0
0
81487
0
54891
84561
92144
222825
0
0
0
0
200662
196705
0
0
51264
26441
0
74147
44087
38984
112686
99046
0
55954
0
132712
0
166975
59336
84498
77166
0
70628
66586
78305
83420
199983
0
0
0
30895
62418
74998
60827
0
0
52248
86618
17984
12184
92864
17059
121813
91868
97285
0
0
279777
38644
0
83075
35325
83431
65261
13902
93414
0
94824
0
263261
0
48598
0
91808
69541
137716
216515
22281
157418
57567
0
0
312256
31787
53975
62297
0
0
0
238712
95331
0
96071
122238
290033
0
187601
0
416402
0
0
91088
0
61164
21912
39636
0
34754
38361
83879
0
0
73774
0
62864
51891
0
0
140605
0
0
60039
143248
0
0
0
26182
99417
0
121224
0
6467
152919
0
52801
40980
0
0
71028
0
0
55083
0
91390
84219
0
11273
43192
0
0
118104
0
0
135966
120709
63717
90438
53486
0
79709
362667
0
0
74953
19089
44347
0
60000
0
0
0
0
0
179867
226913
141234
81685
0
227247
0
144432
148884
84634
43720
286370
143307
0
0
0
0
38531
154261
0
85140
30806
134493
0
181233
0
108280
18991
0
68434
94446
20935
0
102699
0
51854
140443
0
0
93590
79249
209874
53504
145608
0
0
82612
0
85672
76300
27153
42311
99133
92590
0
188628
0
96348
99829
2008
62718
80998
0
22813
0
38504
0
0
28692
75535
0
20004
0
0
3057
47369
0
103490
95060
154796
100734
44500
0
92153
156672
0
0
300771
14831
160093
0
60870
40245
171424
49864
103432
0
111627
235621
20094
86321
72489
45453
0
145569
0
106637
0
0
0
0
95877
162162
0
0
56315
132210
70841
145639
0
92073
0
0
0
49543
0
42248
0
20976
0
0
168617
87722
0
85346
89261
59442
42154
86564
0
60267
78024
0
0
155689
82223
0
56051
114604
194643
181020
0
0
40269
0
112756
62137
0
63987
135204
0
0
0
110367
0
195085
19090
61908
101197
275331
103679
166168
36624
30897
150059
83916
109594
84155
0
21978
0
71823
67167
0
0
78523
169371
80097
0
169502
57562
0
0
74939
0
88314
93335
0
79588
0
0
50227
0
0
31603
58137
0
26117
83708
210723
98106
0
0
36806
127726
178509
0
0
205151
21748
0
0
80784
138204
102321
92463
141948
190165
217207
85016
0
0
96214
40575
0
0
0
13645
88027
0
70312
78786
151289
198585
5940
121290
159320
0
125904
0
58770
93732
72284
0
24205
126007
0
0
0
54183
0
0
30403
0
0
0
48961
0
61061
80422
0
67012
0
0
91930
0
147533
113909
0
0
73795
21948
125398
0
91546
50158
0
94760
0
16803
87752
74597
0
83370
51549
134225
0
156499
0
0
0
164372
0
77123
31390
0
159768
65223
0
0
32914
37948
122168
0
0
0
0
70009
202832
0
0
42405
0
24182
0
75769
155943
113294
118126
0
2875
123678
0
0
0
0
49365
0
139978
0
48060
44983
0
98408
48694
45026
39709
62831
150686
73290
0
168511
188345
457777
0
0
44319
108136
96674
139251
309618
0
107266
168853
1107
200462
80490
68517
3978
21808
90069
73315
29143
0
16062
0
0
0
0
0
20599
0
0
125918
96953
52682
90959
74876
83610
94510
213967
179673
61024
0
83809
66593
0
125243
48901
0
0
0
0
58511
0
130287
0
0
22402
215113
131426
0
56704
91599
0
146470
23618
270385
0
104959
18361
274536
0
43318
68893
132339
41381
19923
0
68771
37699
0
119177
305164
53885
0
33919
96700
0
92297
0
0
144686
153179
0
168346
0
43387
0
0
43609
0
0
53000
36627
50230
31269
0
0
0
118667
23523
72661
87927
0
124014
0
58213
265685
0
0
148346
0
28666
68767
22329
53999
159457
138233
73359
0
0
0
0
109694
0
169252
0
61107
35264
81827
0
52441
221826
86797
1108
236272
0
0
0
40860
0
63271
0
123951
0
0
0
158731
0
52669
100955
0
0
79037
0
62210
59397
97868
53489
62236
159655
61842
0
0
181413
136673
143824
61599
80134
45511
66906
0
218816
0
55411
0
0
26741
0
0
23913
83810
114230
70730
0
0
32080
187782
98395
0
30625
77384
186085
0
49783
63433
0
54088
0
0
0
79635
0
84119
0
369914
0
0
130968
0
82306
122843
116718
0
0
0
0
0
94230
0
0
0
0
146328
0
162516
58280
41030
65666
104735
129178
0
0
0
0
54267
0
0
0
44499
66055
282635
110386
61756
0
126316
0
64393
93569
118874
0
0
40344
71727
43301
8602
0
0
58232
0
153567
0
77296
123269
0
0
0
126933
0
54016
0
23819
0
87996
405069
90422
0
248920
0
96640
0
36466
53775
0
0
133109
90403
24046
0
142836
97548
101910
63441
0
154258
0
102066
33256
31595
0
127312
74759
0
0
71032
85100
69190
0
118281
104900
87797
0
94013
22845
0
51395
62767
8326
0
254975
52557
239288
96762
185248
20368
0
82602
99334
0
0
12598
0
0
187641
195825
26009
0
0
178852
101449
0
0
0
81851
11151
66730
0
71844
0
0
79605
0
0
97509
89337
0
97351
165095
0
0
0
139588
225256
0
0
145759
0
225222
177948
0
0
58293
103707
6091
0
24701
147633
0
83272
0
89361
29276
0
70245
0
0
0
0
0
132328
18837
2436
9875
83841
83761
243011
0
0
97673
54679
77744
0
90619
161957
85709
78767
0
73146
279026
89737
204303
0
0
103673
97818
0
0
98382
43838
94748
76383
329475
65697
97807
46858
0
0
0
17231
0
0
134064
0
68820
233521
57594
229429
0
0
33146
146807
0
46639
0
0
36768
37097
164114
74557
0
47276
15318
0
61516
89117
0
0
0
0
0
0
0
84230
135936
569457
26263
98578
77129
103884
349565
56272
167971
0
0
0
184427
227886
91248
81432
39572
0
0
11918
0
0
0
0
0
0
117072
89761
108453
0
0
0
0
124853
132398
0
76642
155855
0
19374
0
0
0
0
4000
57587
0
94565
0
90409
947
71298
77750
92079
99646
56460
68500
0
0
0
135378
0
0
54807
40540
0
0
22087
94772
103647
0
17080
18756
0
0
0
0
31299
35638
322028
0
52714
0
0
0
79756
0
0
0
27997
12682
132349
55176
137584
130515
0
0
93377
57767
91556
21330
8790
0
12456
77401
96029
0
0
137063
83671
126059
65269
0
0
0
52018
98689
33362
0
0
282039
75595
92757
30071
0
157952
107525
31435
0
91234
67770
81127
17806
0
111462
0
87811
0
0
0
42956
38088
240288
0
0
49776
59528
15386
82130
87951
64720
0
40460
157181
195531
0
355808
0
101265
158358
0
0
29869
3148
101750
0
51625
0
0
96347
0
62742
1129
0
98812
0
110114
223153
268960
0
77643
66608
89528
0
0
0
117389
0
0
136246
51198
0
0
150320
0
80597
30160
71603
46007
0
0
4277
108980
89597
0
0
93312
0
0
0
85561
0
103341
0
79327
79118
90533
0
0
33331
52431
0
85736
0
0
14706
77269
0
208464
0
38359
68572
68299
0
0
151321
52550
156258
51125
0
143546
17359
58664
0
0
59633
157495
51842
94816
0
31216
0
60167
0
39535
0
172771
0
93089
0
0
79449
1568
47520
51303
0
338325
64031
99401
0
0
0
0
5250
11137
161633
0
0
0
0
0
0
35441
9942
0
0
0
0
0
0
26267
55032
98341
122051
89186
39760
68378
0
84814
30205
0
176766
85565
70774
0
189673
0
0
187836
0
0
0
94326
0
0
0
35604
0
0
0
28923
53606
139050
54072
37206
17398
0
0
0
0
65970
166308
209729
79971
0
110881
0
0
0
0
59832
0
0
0
0
123622
105192
185154
0
0
0
0
135344
254845
47023
91421
63777
74358
0
52313
60039
19225
0
347786
0
0
0
51437
16494
67768
136514
138462
205990
89866
84336
27191
58591
60235
338719
0
80368
42835
120454
0
75902
0
0
65789
0
120472
67669
124002
76508
0
34510
91599
0
62217
0
55088
271263
24155
133099
0
0
0
0
0
105348
160664
0
90093
0
290044
125874
0
181839
0
129392
96189
138549
92499
0
59527
0
0
9054
76705
0
37474
157430
0
35688
0
0
0
85565
9528
12168
129125
92146
184873
179035
76340
74046
77471
0
0
52811
92530
63841
0
0
0
0
109849
899
0
26642
11932
83434
0
269027
0
0
119830
156364
0
0
0
0
0
92878
45443
124301
158250
116395
105492
0
98074
0
86842
99359
0
121752
140891
159342
82906
0
55852
129323
66372
120366
0
56214
78569
274001
0
0
0
0
170910
0
49283
178831
36235
0
0
157614
55979
87907
29635
160100
102891
0
0
185326
180705
0
231805
0
0
49242
86447
109111
0
0
89802
84444
0
0
0
136739
56848
0
13882
97120
60097
0
188674
62342
90755
94818
73244
101466
46942
0
92740
95420
39821
0
28089
53672
59387
0
8504
110169
0
72591
56850
0
48897
0
0
103801
90344
116124
224610
97014
47915
0
0
0
0
0
15554
0
86859
0
0
97795
26714
151056
0
0
0
0
0
180370
73815
0
0
0
90373
0
94046
0
0
59311
0
22700
67782
96763
74431
0
0
0
0
158470
75213
87190
34439
0
0
15817
45043
0
92530
320745
0
165503
81600
56597
56638
0
0
75960
203
0
1158
0
0
131341
137783
127379
132360
0
90003
32106
21108
0
0
86622
125404
0
57765
0
10680
245507
2048
0
0
28689
206083
0
42292
179630
0
52861
27722
40050
0
171936
0
0
60416
0
42142
97987
123114
0
0
312685
36201
71556
146137
62639
217155
0
68236
178718
0
0
50783
130295
0
126442
115615
31622
0
0
0
117575
91188
68841
0
85242
0
0
167057
69489
0
81901
34666
67667
0
87916
89571
67396
116031
27953
92428
71303
50594
0
0
188176
99515
119333
40432
0
0
0
178120
36553
210533
0
0
0
114427
178253
56277
44037
0
0
59933
29328
95829
135136
0
28150
0
127854
78215
102780
0
0
0
38701
195311
47490
18797
132488
34694
49780
109933
0
0
72977
76621
0
0
99145
0
288934
232190
9897
178006
0
199454
166770
23650
0
0
0
150096
48230
54197
0
43485
0
57083
86103
146966
0
0
75410
0
33342
150522
88230
0
0
70048
154868
0
21823
0
0
0
0
0
0
61077
41591
15684
0
24075
0
170588
9060
40102
45596
115099
0
0
0
0
0
0
72782
401252
198884
84255
83766
0
0
0
71971
0
121390
1796
0
48303
0
0
0
0
0
56451
283270
41465
0
70665
67377
0
0
0
72126
0
206347
122157
0
128719
0
40354
154588
0
185060
81168
59482
0
0
0
0
53251
6513
0
20574
77556
0
0
97174
0
91642
264654
0
115809
21547
56204
0
23196
56315
140975
104071
0
0
64163
175932
0
0
169714
0
189167
258267
0
0
0
90460
0
97220
0
0
31578
237827
0
9719
56944
0
65451
0
89244
79521
0
0
0
61095
0
157444
98209
0
100787
78204
36041
0
83889
0
0
116290
0
164319
0
25820
181973
53959
0
0
63062
60961
89320
98972
128754
0
395214
16121
0
0
6344
178147
0
0
0
63572
244214
343173
515966
236093
0
51806
17990
0
0
109288
79330
48844
0
35739
0
0
0
114279
0
0
141361
96139
0
0
80507
0
0
0
145719
0
95672
0
270835
0
187350
74668
0
61572
58896
249940
96063
0
0
0
79821
120961
124568
0
1158
26628
159274
0
0
65830
0
139755
65997
0
287336
247273
0
0
0
0
143766
85204
0
69550
86179
0
61993
89311
0
35566
63344
0
0
86247
193442
221861
257591
0
0
134366
137638
178109
0
0
146602
30461
5690
51720
0
52770
0
91312
95508
0
36106
0
0
60425
3250
5425
201592
0
0
93849
0
83847
0
0
25295
164222
89822
0
12629
38062
138738
50221
102634
0
110677
154238
116515
60648
72204
40932
0
223250
0
56285
72117
5292
53163
165801
84719
134302
0
0
36509
95836
65890
0
126889
0
13254
0
0
63773
0
0
67736
148925
60914
86255
71131
127794
42198
123564
96332
129582
80770
0
104968
74086
23314
190866
367038
154723
0
0
63811
28679
90249
0
0
2876
68029
0
44380
35992
84004
0
0
35146
93199
70380
58123
87494
0
31402
64525
121415
145083
152191
53123
0
0
0
42054
0
49252
0
499703
66634
0
79266
39148
0
0
98742
0
0
0
0
0
0
0
0
0
33165
197119
7575
0
0
0
57628
117139
0
96838
0
0
4878
0
267203
0
0
47380
92803
0
0
0
446101
0
84129
0
98296
0
85713
80253
25749
120480
90368
0
36989
86309
9062
74165
91461
27085
0
0
84671
56595
151133
140557
116664
41194
0
0
95227
86631
92875
0
72579
0
51396
128189
0
0
0
0
86487
0
0
0
74176
33414
70560
73958
0
98749
13251
59121
61088
52802
133560
0
0
87784
62780
0
155914
200636
0
11516
149706
0
76480
76886
0
302253
0
141441
0
65466
39196
34600
0
83224
298322
173241
12155
0
0
78091
0
0
96728
0
0
247935
0
0
29204
0
127227
0
0
0
81618
0
0
126564
0
48956
0
243267
0
63826
97807
0
0
107280
0
0
77369
77302
0
105971
0
50205
0
281022
63837
0
124575
75087
92845
181982
0
93023
0
0
12117
0
115945
0
157359
100166
127408
0
99118
97620
126954
20986
134582
81611
17481
0
109236
0
92144
0
37192
28921
47454
0
49131
79270
117110
0
0
184939
46049
31982
0
88311
0
0
70103
0
70169
0
38312
91176
69896
129923
25959
75068
430201
104518
88647
0
0
0
0
167904
90504
61406
0
0
72488
47872
0
110135
0
167884
128734
0
16090
0
0
705
15272
89665
0
223435
73999
38998
0
120206
0
0
0
90139
170740
93991
0
89025
6622
0
0
212140
84413
83776
0
0
0
87198
43949
0
0
43280
0
78634
118471
45554
115919
0
80835
0
0
0
225523
62668
56015
0
27068
0
98449
30905
0
12095
159446
82009
102583
0
146410
43742
101099
0
137135
63446
136205
0
0
78591
0
35587
88798
0
0
83397
0
8512
43061
31790
78740
0
0
0
59927
37000
78265
0
0
43251
93287
84262
75398
0
0
0
58691
128703
74333
19674
123138
98712
37052
84660
69667
86810
0
0
0
55970
58724
0
51579
134706
100454
144017
0
38539
0
0
82344
67694
84672
98807
35370
0
0
0
0
47995
125383
0
34204
0
0
84150
0
0
11995
19205
113505
0
0
59087
0
0
0
0
35606
0
0
70040
86429
0
0
0
169072
54509
32064
73428
174955
29503
86008
0
0
58488
112800
71291
327724
0
216535
0
15543
89109
0
74660
29544
225348
0
83521
0
0
0
0
0
23512
85945
180347
0
0
66120
170982
69385
0
0
0
0
0
0
0
71141
29992
167450
11436
0
0
0
181214
87366
0
173682
57868
0
136930
160345
165081
305807
21566
266615
41127
63205
42986
0
0
0
0
72962
0
62453
130435
54277
89308
0
228852
136281
0
4843
61619
0
164122
68791
27938
0
256407
0
0
0
0
0
55083
228668
0
88582
0
0
9572
229812
42256
0
0
0
0
31942
0
0
75397
99397
82813
79912
86724
0
0
54101
46812
0
0
26495
0
93556
99215
48741
0
88334
0
0
0
0
0
0
68096
69675
139461
0
193520
80208
87667
50500
82319
99436
0
31085
103037
43982
36375
90948
0
0
67822
144689
0
116420
0
61143
0
85202
43687
45105
193540
0
83493
0
137600
140631
123973
96689
0
121650
0
0
20726
195341
59690
0
25266
16627
0
109789
98627
0
93238
121518
0
324487
69099
104
129736
187018
88224
0
68323
126294
123598
14414
2133
0
0
50395
70172
0
37744
134781
67899
0
102946
0
46048
229355
0
11130
52248
164008
98448
96596
73926
38825
180855
55016
0
31667
16747
83201
0
0
80902
0
17180
71273
0
0
0
0
0
0
0
0
0
85005
50204
103476
0
78743
106080
180503
91906
92170
85404
0
0
0
0
0
70412
217417
117476
89508
76693
0
91516
202526
0
0
169579
0
0
49371
68139
82735
30124
95855
0
145216
174861
94231
0
47877
0
79157
300848
0
19501
146463
0
90243
0
174423
80747
0
56660
0
62493
59663
0
175039
157151
118785
0
140434
0
119214
0
111846
82646
0
16426
101163
220845
0
75358
0
19589
95948
234540
38193
26032
185611
183074
0
86330
362402
0
79565
67691
82073
262809
80823
0
15413
46426
23686
14587
33790
2733
0
0
0
61630
81676
78428
137207
197512
14864
30152
0
0
67420
87774
94438
170667
36141
53511
242922
0
0
177871
0
159693
0
0
144961
0
0
0
47733
19740
0
3388
0
56880
23601
90551
98451
118010
0
89454
0
57714
0
0
130638
0
260652
0
719
0
0
90892
156606
0
6413
175888
64192
35677
0
0
0
83449
65783
92257
60134
7917
0
0
0
0
218365
87668
0
0
31497
143338
0
99311
0
0
0
0
166508
0
58185
64291
49132
0
98495
123613
0
0
0
32950
118755
53084
75586
0
40496
0
149241
66415
99921
73874
67337
123951
236163
0
84990
0
149494
53724
145437
26304
160206
83539
63387
38037
91756
33293
0
30759
43538
91405
3283
129655
0
0
0
0
0
0
48474
203376
0
0
21243
0
0
0
0
145573
158499
0
0
99788
69788
85834
0
97544
72803
66088
0
147615
46310
64349
0
263700
0
0
43023
55417
0
52834
97820
0
0
0
0
34582
26990
172440
97295
41994
68133
55081
0
0
0
0
0
0
24687
0
298417
58033
0
216912
222772
0
4467
0
38716
79542
86995
0
0
50452
129401
149655
0
67810
0
62581
57163
67657
0
15789
125821
0
104527
56364
41396
140792
85661
128890
31507
56120
0
38523
0
0
128118
50748
8204
0
77584
31381
0
0
97536
0
53261
0
42811
98156
53364
0
132711
0
4792
81722
0
0
0
165399
0
0
104934
138818
55365
0
88032
0
42986
0
0
90375
118765
0
0
98894
0
343866
96965
129140
96324
0
68171
83066
68364
150442
92096
88653
127390
159838
0
126639
187906
0
0
12677
0
98074
0
24757
0
57962
0
165659
0
0
38709
0
58695
0
69457
89017
107237
159003
0
274736
237520
80079
14441
8941
73375
0
52780
7989
75687
0
243499
145380
88266
167628
144070
0
33645
137328
93647
0
98068
0
0
143805
0
0
40891
78313
0
74291
109295
0
84762
86729
0
26653
50555
78519
49829
135812
181551
0
165616
30431
180200
87972
147913
170731
57172
116576
0
0
0
0
0
0
84457
57518
0
130142
0
0
0
0
0
87080
22275
41046
0
0
0
211272
28313
42669
152611
0
0
5047
76314
190217
0
161944
138030
61070
245026
0
55055
35581
0
0
90917
191979
94896
0
0
0
49390
0
131467
0
0
94480
0
116435
76488
0
158814
0
129566
0
0
0
47429
0
76342
37832
38799
96397
0
48542
0
20006
0
87119
0
0
29952
0
25328
0
111752
56767
107199
106134
0
26876
52577
128302
132642
63333
55569
50656
102325
42484
45470
0
51982
46390
159320
65686
0
68334
87983
0
0
0
210014
137343
0
0
125998
0
130823
84096
0
0
92605
279879
95666
0
0
186633
249720
78895
7689
259546
0
56615
0
56336
95397
104347
117977
101188
84944
0
46739
0
0
0
0
0
1129
82462
0
0
0
158483
68277
0
2766
0
0
0
0
132235
0
89803
0
0
0
0
0
82606
127325
0
0
0
0
0
0
0
196682
151296
0
60893
0
122944
103065
17466
0
0
112168
14130
0
282173
0
0
0
65559
22070
127282
103193
202541
95708
0
0
0
0
77994
86736
134693
0
0
169485
0
0
114630
150956
96510
0
222255
0
0
0
65076
0
151756
43668
45097
87476
80501
117763
195403
0
0
0
38686
178046
15061
81179
96297
186155
61792
325874
0
81680
0
32992
0
80663
4045
75756
0
40006
28972
42874
0
175435
30981
13461
108154
56236
99568
0
21183
0
0
0
343963
79585
135634
69895
161935
0
83084
0
163863
0
184566
0
0
54785
113026
0
87298
0
71963
0
66894
19237
73624
20668
0
51115
256493
189393
58686
89681
81232
0
8862
0
0
64928
137176
78974
0
6570
0
24737
0
131839
61825
57140
242357
0
0
0
0
0
158354
81058
0
9016
90585
44313
0
0
0
0
0
9878
191223
43865
94640
0
120402
0
0
0
33387
0
68195
82265
61615
49438
83774
41189
26311
0
0
0
0
0
65129
0
45584
0
0
0
71204
42778
230063
0
84757
0
75294
0
0
0
65477
321642
84427
115317
316520
135283
88030
55055
149940
170556
80411
0
66872
181261
172567
191798
85040
9471
32936
113003
52281
0
79137
83551
0
0
56563
112769
63423
123479
65068
60119
27849
44576
0
0
0
0
0
154744
0
89062
42456
155160
95459
0
37650
8574
5575
0
0
105584
230671
0
0
19380
64804
101207
0
160005
63542
63442
0
232377
0
12787
0
150923
0
194719
0
23474
0
94940
0
0
0
0
127721
0
93500
18282
37452
0
23010
0
24442
0
84801
0
128286
0
164107
28790
0
0
3209
86717
153923
0
50602
26083
208519
105688
115491
69205
0
59791
47188
6146
67604
138298
50219
0
0
96942
0
85570
0
183196
51196
140450
0
257686
0
0
0
29403
0
0
0
1180
163971
98151
30587
21945
0
0
41004
61939
0
208873
0
0
22336
118387
248242
0
0
31574
0
0
10980
158504
0
37627
0
132098
0
0
0
0
39303
123012
99786
89903
0
0
121093
0
30749
85765
101175
0
0
32391
74691
11028
89849
102099
68206
0
132585
0
140679
0
8354
53920
0
48214
78309
0
0
105622
158136
89143
40332
68683
280568
0
129273
61007
66353
118244
25592
0
88611
93116
60836
80501
94536
0
17221
0
125702
121159
132018
36449
71028
94070
0
69132
97946
79370
0
10922
162688
0
103163
91503
0
108447
0
56183
0
36032
183634
0
0
0
98459
99843
0
143264
0
32432
216430
132317
87963
200659
68347
0
65335
63576
0
230926
33097
136406
29687
49131
0
71969
37254
0
0
7473
0
125232
90679
15397
60726
0
45015
0
92606
0
0
0
0
0
83915
0
0
91079
0
0
0
102523
165031
206172
0
0
0
66638
60836
0
3210
0
133174
184248
0
0
62369
239860
0
0
43547
89007
0
0
0
59369
149361
0
172915
0
64718
0
0
0
190086
0
0
88318
0
0
70340
86893
113680
3090
2304
35301
22699
79332
18118
104473
349934
90466
129583
92523
375630
0
0
109172
187348
91418
133658
38794
0
54855
53560
42063
39663
42300
93347
249777
0
62897
85230
0
0
0
0
180981
0
180322
0
53434
0
64928
0
135887
19678
0
76726
0
54930
53530
0
145816
92115
161308
97805
137032
52318
86213
57142
0
147809
69966
55834
202534
0
71987
0
27558
125444
32243
95978
30834
104317
0
82225
86869
54029
0
0
0
84266
0
100160
0
0
67482
0
0
90537
0
0
0
41414
38465
11684
0
0
4210
0
183836
0
22907
0
381446
0
23503
27558
98903
0
67496
0
27110
0
29651
241531
0
0
91234
0
49567
0
201088
272172
3163
0
0
36221
36490
0
116453
0
182492
34660
63580
108759
0
83506
119336
128148
162321
63685
0
97444
49362
93816
74570
151966
0
63930
79783
0
54233
63336
41767
94765
56511
0
0
0
0
89917
127184
98035
0
75956
90045
272994
267061
77762
0
73566
0
0
231245
0
0
71301
171991
0
85012
0
103512
0
78074
0
0
91678
0
249640
0
0
0
61938
50434
79444
0
22953
16350
0
122394
70845
0
0
17193
50305
89296
0
88147
0
0
0
107976
49762
189772
8215
0
236611
0
52227
104478
85826
78137
189764
402586
0
0
0
0
101595
0
155283
0
65450
45902
215053
0
0
219166
42308
147103
89636
0
0
53317
149494
0
103624
82446
92929
123769
0
70471
56393
67564
85761
148187
106084
73004
85048
0
0
56328
10830
0
0
82847
0
79738
96298
22648
57722
100686
43665
0
19252
100889
0
0
142602
0
0
38040
0
8572
74791
0
92563
8903
0
0
0
80835
0
0
168951
0
0
98682
133647
0
73235
95057
97780
0
177952
168647
37513
80019
0
81688
0
0
42516
0
0
99304
0
28669
0
0
127864
0
49173
0
168438
67235
0
0
0
119649
0
20738
0
0
0
31942
95200
27838
177100
28576
90339
0
0
0
0
247532
63030
281078
0
121618
168683
181175
78707
81913
93154
0
216235
17334
128195
0
0
78023
299964
23195
148984
0
0
111585
0
0
87151
0
157018
0
0
241232
68181
0
42246
0
57132
108773
128685
115197
0
57743
0
12007
0
36471
3471
145159
46507
0
159506
98848
104958
99048
0
147476
126525
43014
0
0
62932
83481
0
0
0
0
0
120096
86746
41192
0
0
7967
0
92988
81982
0
89026
0
157236
63891
35168
20714
71919
29467
90201
113404
266665
146474
0
0
57163
36609
0
0
0
50469
0
0
91980
396
132379
96476
46558
0
0
91295
107074
0
154358
148634
85726
0
0
67951
0
105946
0
21423
0
114975
134698
0
0
24912
6306
127700
41542
73629
0
101724
0
147011
0
188372
190088
85403
0
0
0
0
0
0
0
0
71601
72468
119497
0
88976
85120
13028
115859
60270
114066
0
0
0
48471
112374
0
20191
0
146451
0
0
129330
0
106218
0
84917
117686
195548
89284
0
0
128584
131659
0
0
45266
183418
0
144675
128264
9588
181240
122630
104361
60996
0
85254
0
30094
0
0
96436
0
0
0
88527
0
0
30404
0
103193
0
0
71844
48271
0
0
181889
0
0
99460
70536
0
0
30047
0
119137
32079
99304
0
0
63596
81571
0
70881
0
0
0
140706
0
0
0
4595
0
77226
61640
0
93145
78488
0
59254
252011
37706
336581
0
49569
66434
46269
0
85560
0
123883
79839
0
62173
0
167853
0
44411
113013
72395
56976
0
0
53462
238755
0
169388
159687
0
0
0
14808
95473
92832
54229
6256
0
0
0
249180
117791
155683
96655
0
0
0
40328
0
45006
0
0
253761
0
85056
0
166989
0
96804
0
51803
150863
0
178959
0
242495
78838
27567
169835
0
0
47377
0
23044
103127
81161
0
70886
0
0
187348
82441
0
222998
0
0
77295
0
0
0
104309
0
0
0
122286
0
0
122034
0
0
77133
0
91578
34686
105716
0
83543
0
40921
144538
93741
0
289451
100544
0
36280
0
61737
45786
111969
341816
0
0
15397
55660
0
144252
0
0
67217
0
0
0
109483
74123
0
0
0
125767
134223
163595
0
176810
0
0
32997
73511
0
297583
0
0
206644
0
84929
96533
148164
87445
134668
0
20580
88573
0
0
0
155794
47564
159281
22939
91522
84228
89043
129214
75933
115311
263922
0
84661
51825
0
127618
51482
0
0
114125
0
116922
35087
0
84595
219761
0
0
24374
56563
13067
5048
92546
0
0
194462
102552
74929
80439
0
96562
160219
81079
0
0
0
54205
93363
0
53321
29358
7709
88967
0
49293
0
0
57410
47600
70972
79529
0
0
211320
0
168526
38000
24613
79894
0
0
56025
64865
0
36440
87939
6962
0
45538
122903
86134
7761
0
184077
52091
0
124717
0
98019
69358
24117
78838
133122
59714
92437
153438
0
0
0
199467
0
157754
15481
17274
75580
80179
0
0
76362
301401
0
0
0
2812
85196
0
0
76345
0
36966
0
193445
162006
42250
0
0
0
0
0
45432
92039
92460
27661
0
145743
74648
0
0
165276
39585
101938
0
75868
0
62567
96972
73291
0
351506
0
82708
157697
116506
0
45779
148372
87539
105542
0
213449
74859
146782
0
0
0
0
40191
0
0
124620
0
95619
0
0
0
83252
0
0
0
81267
71878
0
91163
0
0
0
97638
152577
22364
0
55131
149089
8365
54379
168927
59630
166701
129738
61590
0
88310
215297
15279
0
0
0
234995
52364
0
0
0
9571
178751
98170
27105
18914
82963
0
0
0
0
18930
143848
61584
82614
0
67807
0
0
0
0
0
110599
0
0
89651
61493
0
93311
23357
0
0
219366
0
0
0
26764
0
51367
19246
96339
79333
0
173154
0
0
135667
256607
0
31635
332910
49269
0
0
176896
0
54781
119528
142642
172547
0
166792
0
57010
0
155101
41562
94960
99155
0
10802
0
155934
89973
0
0
0
13387
0
52138
0
65442
107579
58529
0
0
284683
122109
72919
88237
76595
0
0
0
0
197164
17780
0
0
75051
93698
179782
0
79751
135523
0
116777
0
0
0
203309
0
0
94280
0
0
0
106758
0
16494
69785
68176
0
0
4880
79866
0
0
0
188676
18366
0
0
0
198449
0
0
0
82245
132929
277482
130065
57382
72765
20001
0
0
123873
0
155613
0
0
38329
0
31134
17830
144835
170886
0
0
0
0
115521
13530
85962
136773
0
69503
0
30667
0
25806
138731
82596
0
156428
0
13279
271548
21027
0
55745
0
88680
0
72165
296506
51860
63961
0
157126
182510
93524
84601
50350
0
0
0
85501
0
94965
83171
125229
158561
0
100392
69450
0
20494
39970
0
67632
0
112338
159878
57988
41562
126505
0
123279
0
0
78589
87603
0
0
146925
0
0
0
136293
84330
0
0
0
183755
0
102593
67397
72435
26206
53616
258974
216887
50988
14253
0
50901
163846
98217
0
0
124750
0
151303
151889
0
49925
101249
0
99267
141399
65863
95840
80812
0
220657
5054
67569
0
127643
0
0
171280
153718
252571
49394
0
17024
49017
105693
74094
63782
0
0
0
9520
459713
113797
0
127459
221569
0
147814
0
0
217747
139194
0
0
343716
0
0
82024
0
0
0
0
0
0
0
0
85854
75255
42200
75702
0
67755
69284
97076
0
117476
0
181092
0
152894
0
0
183708
354926
0
182911
138869
71079
0
90224
0
223316
0
45239
93436
0
3879
87092
133434
65822
81143
107701
71142
81670
79866
77130
82947
0
44249
81909
0
0
39452
117151
0
0
6864
82758
0
224803
60798
0
24979
72221
73612
0
20650
132422
0
79556
29556
192661
160623
0
0
0
155141
161897
127358
0
107861
220322
149823
0
20491
0
0
20599
128137
18165
76444
112877
0
0
72664
0
0
0
14346
0
47590
36613
0
91256
58974
219719
216792
0
88103
145023
112744
86695
118404
72066
105080
0
27607
0
0
73180
112657
0
142467
106147
143566
67967
173031
0
92504
62093
0
56272
216452
0
65029
0
0
180064
72218
0
94089
0
0
0
176635
0
22990
0
0
65635
0
11106
0
189868
152383
0
42907
0
31485
36769
94468
0
0
20572
0
61417
0
26646
47161
0
51410
0
95490
0
0
0
65211
56314
94775
125306
0
59075
173043
70054
57179
22698
136765
0
71056
0
80516
59688
69807
0
106509
0
101223
98070
0
286850
46451
0
191483
90937
0
125402
159960
118506
90517
87335
30093
43809
0
272686
40315
15295
124151
0
141093
0
54210
14019
69711
170569
144789
63076
0
0
77418
0
102268
95186
0
0
0
0
0
88075
36273
90530
79951
166440
135276
0
4479
118352
106113
212609
110706
74332
60074
147471
0
0
66083
0
179750
0
87227
21522
135720
89032
105724
29826
43507
0
0
0
0
0
13521
0
139530
84629
0
100626
51967
132694
61275
147096
47434
45850
4827
0
132222
230139
78641
81083
83201
0
90337
0
124061
0
0
257523
0
122305
109868
0
99752
17950
0
72498
168913
35217
0
95755
87663
82375
0
0
27375
84654
49421
83742
70044
0
19628
0
0
64481
73273
0
0
28641
0
15038
102088
0
56374
52967
0
17424
0
0
62164
32218
0
70533
0
0
80633
0
91770
0
0
0
56329
168548
0
77463
82254
69628
129852
0
11628
0
81349
97510
0
107400
90340
0
53897
151929
102732
96802
61544
71119
85439
0
0
0
0
0
0
0
88351
66303
73041
145636
59902
17002
171316
212056
157183
0
155113
29425
47742
116623
0
180192
57299
89407
0
152763
54040
73579
0
0
0
173300
66250
193668
0
0
0
120881
0
166550
178315
48132
0
0
183189
96660
45035
539594
127376
0
66309
88695
0
83017
43327
0
37214
92419
0
0
0
35281
153021
48251
194037
206685
223203
16376
59980
0
78102
53686
23083
0
148876
0
22598
0
0
407714
59458
24823
157321
2673
0
0
0
81550
68426
0
291675
0
0
0
0
0
37262
18619
47282
0
74694
61621
0
81488
124033
61697
0
0
0
28819
91315
57667
0
116209
123592
1479
93664
73029
121225
0
0
0
0
0
0
0
122389
0
0
0
35195
153201
0
36836
132799
223559
100421
0
0
20058
0
0
72822
108186
0
0
128865
107642
77439
35974
0
128085
17221
0
30425
0
59082
0
185823
0
71612
0
69763
62249
207388
195536
0
0
0
0
43428
124438
33864
146982
186876
0
0
31703
0
0
100301
164997
76877
51099
151782
88342
0
37721
31343
21874
66857
37027
0
16047
0
0
0
0
84164
0
45256
0
0
0
0
67490
166504
0
0
97975
28184
221937
79849
0
67575
41822
264460
64632
58058
92865
131026
78080
64326
14850
65774
0
0
140151
68285
0
188436
0
0
25879
98593
0
0
0
89670
0
0
19555
0
0
134279
0
0
66557
124838
0
0
0
71073
0
63121
0
0
0
38435
0
171321
0
26212
0
131408
12342
0
0
0
0
0
57679
11894
0
3434
0
65842
0
39732
31831
0
72996
0
88898
0
240307
68225
238095
142589
94848
223094
211398
0
0
0
0
57056
87602
114334
86253
160555
120113
38524
11761
299187
107195
65787
0
0
0
0
0
224883
213651
0
26300
0
92193
0
60417
46447
0
24627
72959
0
27097
17586
0
0
337080
131228
79890
192445
0
0
8007
0
86515
0
0
64601
52490
28874
174400
261616
0
0
0
128937
130477
93172
0
22805
0
0
0
0
0
83361
168648
77354
0
0
20678
132852
98974
1966
146934
69347
0
9834
0
3126
75710
0
72424
90165
249532
13731
197545
0
49588
127334
11880
231003
58611
0
145459
0
131446
0
0
0
73201
96468
96735
740
0
127776
113997
93186
0
79082
87648
0
0
0
65465
0
0
0
0
0
0
153013
137729
0
98783
92747
220991
103267
0
0
93328
57668
282790
0
251291
0
61664
101184
89946
137792
0
133906
61300
0
0
69641
53223
95674
172581
139781
57204
127197
71438
55175
0
0
192426
128650
131205
83010
0
91060
68666
0
81126
72156
0
95725
74358
0
0
0
71709
50534
13428
133208
0
35889
0
139193
97731
43749
0
66579
0
73003
52864
380846
0
112771
0
0
0
0
172327
0
52728
0
0
0
0
0
112037
67272
141353
188821
233628
91345
0
0
320839
59652
77890
0
0
38482
75985
81784
0
128408
0
40850
35979
50623
41807
93251
58378
364522
0
47325
75109
0
66011
0
0
119786
197248
0
0
0
0
47585
0
0
103717
93265
0
14592
96281
0
0
49869
0
0
100842
25039
316238
92582
135954
0
79322
0
22865
77422
0
57108
122592
170886
460
0
0
75144
0
186293
246659
0
0
195836
0
125663
52961
0
0
0
66105
0
0
85681
0
251949
185917
0
99598
107368
0
32786
40680
27517
0
0
0
95468
72160
275692
106781
92492
0
77855
4813
88829
41195
89967
0
0
0
18693
29339
0
70065
64840
42570
67116
175351
0
134271
0
166819
166665
0
59468
0
0
82851
0
0
0
385377
0
88147
42393
76507
76797
0
251351
40494
0
71200
0
0
0
95733
128886
270861
0
172907
104825
165246
0
0
98374
256576
0
0
0
66369
0
4054
32669
0
73787
38898
1022
190631
28899
0
6553
0
190450
121799
159414
177765
0
0
164018
120003
86316
0
19594
0
0
39353
0
98100
81039
169180
19921
23877
99712
64836
94892
428769
88176
0
0
0
0
149194
0
114098
39827
95853
0
56842
118054
11018
85527
29373
78638
56488
142754
114989
81606
0
0
148006
94579
149633
185606
0
0
237233
206267
107105
0
0
0
66103
230445
126380
72123
16789
122543
18965
94523
128582
121998
0
8953
86470
11064
2793
0
68112
161686
0
67589
90266
39792
0
0
68047
188347
265322
69933
100249
98913
96811
30824
112973
0
173313
143330
15984
0
119846
0
124846
0
30877
0
47258
162669
0
0
0
23383
0
128865
0
64200
167427
245430
72072
0
0
0
0
16541
20137
0
0
139644
0
0
88143
205143
0
96075
86680
0
115060
67825
0
72028
0
125009
71185
37116
82094
34881
0
44584
0
0
155447
10001
95906
84761
182965
18290
22873
0
212913
48781
0
0
105810
0
0
0
97235
51898
76630
94154
65386
0
0
0
0
0
252431
0
0
82886
185566
72497
58897
80630
117172
0
0
169310
89860
0
0
14638
27470
86948
0
71652
299978
0
19421
0
69695
0
0
171450
65558
32949
7407
0
2133
0
105929
40207
90823
89984
0
0
0
50153
0
0
136759
0
0
0
0
0
32921
114157
0
0
61444
128795
125137
124200
91103
56094
162299
95756
36973
0
62660
0
0
154438
51969
0
0
158834
34658
151720
46074
192902
15773
0
93870
52624
64763
14499
203443
49746
0
0
0
71241
0
56993
0
0
22795
0
243882
194488
59603
0
35769
37679
99003
0
457094
0
0
0
93038
66032
154125
0
75428
97971
0
0
61349
0
0
0
0
0
0
4652
44081
95134
86618
104178
0
0
92776
0
239409
150979
131169
0
282
172935
0
51923
11751
0
28377
0
0
0
0
0
102750
90203
21052
0
43216
155999
0
96306
0
0
0
44733
66667
0
114064
0
0
25011
68100
0
42286
0
11679
115413
114416
239951
88850
50906
39695
0
69421
73090
0
77794
211300
0
100261
92877
168538
51638
136267
117291
81501
98420
0
99083
0
134922
105483
32793
0
73721
130336
94326
0
54138
0
135062
99150
39451
0
0
0
0
73946
0
0
0
161150
143808
0
0
0
0
0
0
115325
0
57791
0
100346
184764
97226
0
144234
0
327
0
48889
87404
138644
116534
51096
57638
183552
0
205752
299354
7800
279157
93194
46664
93580
0
86543
294640
0
212712
67547
0
0
283311
94382
88132
0
124738
9695
22051
47460
0
81162
0
154825
0
0
0
0
70434
62461
0
36066
84292
0
57935
0
0
0
0
88825
0
67064
87129
0
0
98100
0
0
0
0
112851
267827
291830
0
92002
0
38540
215842
0
173471
197563
75678
0
22024
54485
0
0
161380
0
0
74582
0
148466
0
85948
0
0
35098
0
102340
111441
0
0
0
96098
0
93390
0
90136
91917
0
96047
87249
18073
72695
90846
11483
0
0
0
45929
91673
0
83553
64939
170376
0
20584
86811
137195
0
0
0
123059
92791
54346
208755
0
90166
191521
57782
0
0
0
82757
0
79845
14401
131888
71786
0
82453
14148
98382
139532
82254
0
96670
77254
174604
232768
41379
59834
0
54085
0
0
0
2443
205916
93652
0
0
78860
0
0
88157
46057
106795
90344
0
0
168088
0
110805
0
97192
0
222623
64834
0
0
0
0
0
0
205335
183430
141379
66166
111059
69524
139262
0
59655
0
22290
99260
0
140427
0
61713
30752
0
97697
158799
0
92792
99906
101864
46787
0
0
0
112796
65767
126738
0
64915
120331
0
96970
0
90619
92160
0
0
0
0
0
99951
0
47835
72860
393
59456
0
0
85332
0
18807
70366
94226
100584
81474
0
67511
0
118675
192261
0
69960
21280
0
31656
0
84865
34232
112335
162231
0
271159
31799
0
97636
0
0
159990
0
197662
36212
87212
90383
0
86187
50455
47105
98754
0
135123
268526
0
96277
0
161283
43734
71765
8692
188989
0
0
71125
0
73245
15502
66996
22244
27727
219574
108458
136964
0
0
0
0
0
142924
96404
167724
40795
151459
86972
0
0
73365
57080
77581
0
93173
13248
0
23786
0
18489
0
42010
101724
141576
54589
0
105513
29449
0
186096
81266
39491
75229
63535
9865
102128
0
98849
82949
76224
0
91953
44403
127730
64927
56830
59197
48377
151141
0
73528
109152
76868
200796
236564
0
57383
147075
93072
41929
0
0
0
15100
127246
0
0
133148
0
0
66644
12520
259309
86496
79052
64632
54689
37678
0
0
97369
0
27596
0
0
0
81673
0
49857
0
0
0
0
160282
77676
298489
58249
18805
0
4221
7082
0
93633
0
30730
0
0
0
0
63082
79231
0
0
139597
109863
80241
0
0
0
0
0
66220
163510
0
0
0
126652
96120
80742
6417
100914
5212
42401
0
82998
46507
73730
178382
123551
0
0
0
96871
19885
0
0
189838
60918
108530
0
30812
0
0
98756
79875
33708
0
182384
47224
0
0
0
86529
20331
180435
59177
67351
141397
0
75206
0
0
0
0
92841
0
21008
155735
19558
0
0
84923
188571
0
0
0
0
0
82127
0
0
188516
0
158476
0
102047
226069
57158
38139
108687
96835
70783
66896
82658
136490
315672
166943
0
39794
0
145608
208916
67194
18948
76723
50988
0
73226
98796
6829
42242
0
42228
124689
10106
152625
91056
0
0
0
0
88104
55468
0
0
0
85703
0
95653
35621
0
0
0
170540
59415
0
0
0
46230
0
99306
137843
23098
63444
0
96736
7859
0
164966
191857
0
0
0
213407
0
0
94376
53800
108532
56218
185754
42586
128355
165637
0
0
0
0
0
32864
11487
0
53660
0
53158
0
165058
0
98172
6090
43859
0
31590
44838
0
0
27455
90761
90566
52527
0
99514
144269
0
0
0
105403
83741
40612
160163
120063
137067
0
87408
166718
60278
0
105033
0
185157
137328
1781
70585
10979
148110
0
0
138036
0
211922
16489
0
14168
26494
47572
85100
0
0
66711
0
76959
0
351755
0
113251
0
296148
0
68465
71896
68687
0
0
0
0
0
96251
24782
0
61878
0
0
0
0
0
0
210325
66304
0
47558
200642
9917
60799
82330
178814
0
0
0
146895
0
0
88967
18113
201460
103454
0
37027
57021
145971
0
0
0
0
16364
0
138237
57319
106750
16215
0
176805
0
0
86243
77913
45725
42484
0
91435
0
0
0
50311
308740
0
77673
91714
88119
162005
96462
0
10222
0
36558
66931
27057
25563
95414
210718
6266
77954
65444
0
38107
93039
0
193757
0
201666
65154
35800
79570
89367
19714
106475
0
76023
0
58853
83897
0
68601
117502
138893
17098
92483
100835
0
121556
94423
161014
0
93579
0
0
83580
294979
0
68819
59437
271304
24497
73244
197994
65055
181293
78133
92272
0
79659
268483
10113
0
0
0
85914
57911
70063
67289
75401
772
156806
45132
0
0
0
14476
0
97277
82026
0
0
0
0
0
80757
74554
0
48037
77124
84092
0
264003
19517
40301
0
71997
0
0
234282
0
0
0
74431
28496
257622
0
98891
18847
0
0
0
0
122223
120240
136172
0
169190
207929
0
0
0
158045
0
0
0
125985
0
0
81529
134041
9090
149299
0
172969
102210
11974
105067
0
0
126533
33924
50291
0
87661
73990
0
50091
126600
49227
0
0
0
85877
77593
85633
0
83511
0
0
0
0
28173
148146
103135
83558
140829
41478
0
107027
143043
0
151242
30483
0
0
42889
43962
105775
0
0
0
45755
189467
0
79569
0
0
0
59690
79722
72670
88177
106222
49208
115777
124427
73337
177529
0
44445
119017
92602
81540
40400
0
51817
0
65278
0
81807
37783
0
0
224366
0
56897
29664
0
75205
0
234239
5754
105900
0
0
59363
0
97374
67532
0
98547
0
0
0
127744
107410
7726
89951
129550
44965
0
0
97562
0
40366
0
179036
0
222222
177331
246160
180874
21422
76101
37089
96014
225627
9615
0
2705
0
0
0
0
0
0
0
0
0
24508
143908
0
0
0
78586
78484
95171
136498
127239
98457
170520
0
237256
0
127660
0
90095
81439
62944
297728
0
0
0
176028
430692
0
4342
0
0
56080
351358
60266
97559
0
87728
0
56893
0
195344
0
0
93216
152989
70517
194901
0
0
15713
134504
71336
93304
65898
86789
0
0
0
0
66320
73627
0
66621
114792
155039
157156
0
18986
166664
39730
71003
82414
0
60
0
113382
80109
51929
224677
79964
0
37775
163339
0
58643
0
0
0
4941
174200
79414
182180
292769
0
45715
0
74491
0
173762
1639
27693
84406
212121
90734
286755
0
28331
0
0
0
0
0
87883
179214
0
0
178099
69422
81338
77732
89175
89967
193728
166173
83530
0
75290
243370
0
0
73450
0
0
0
78668
97405
0
71739
77847
0
168206
0
79239
84122
112240
216561
0
81691
51185
270379
77066
43480
0
75509
0
171905
280769
63494
82461
20882
4961
77708
0
0
79804
0
89905
0
0
42743
119043
0
0
0
0
0
0
62607
69988
97340
134164
95973
0
87053
76304
157688
0
58975
94660
0
71564
175554
0
20596
94203
0
161763
0
56360
0
0
0
82391
250890
0
88160
72275
0
0
0
223048
5462
75042
0
50517
65472
76168
2324
0
0
58353
0
0
0
70633
204843
0
0
0
0
146321
0
127954
0
108088
52369
0
0
55442
225174
90387
0
0
110025
0
0
0
0
0
0
60627
84527
53669
72147
64292
0
0
17821
83224
304627
186446
60161
0
118230
34989
74527
0
60357
0
0
98080
0
155520
0
129885
77157
76285
80106
0
60862
186293
0
83360
0
199199
179219
0
73439
0
0
75353
274698
0
0
70279
61374
154172
343413
134403
50363
0
99922
0
0
91892
15970
0
10458
50880
145145
0
0
78919
0
62692
0
0
0
0
91725
88914
99600
0
121073
122730
137636
0
0
0
139726
0
0
23857
80375
45960
223665
0
99730
35616
42388
84912
0
0
0
0
0
92631
219326
98475
0
0
0
0
0
0
77483
301307
0
92887
0
13923
195375
91698
0
77843
0
0
14750
0
0
38525
46747
83170
0
20305
0
138773
78375
71362
69590
144176
181155
64029
0
0
49640
33886
0
0
254759
0
0
67332
66987
89895
0
290391
0
0
46470
184887
0
0
70199
0
0
199822
0
83108
85126
115386
0
35125
0
0
0
0
0
49475
43173
19258
297192
0
0
54313
0
0
0
3762
0
106056
0
60897
99097
69512
0
0
0
0
0
16102
87219
0
98876
59984
48112
89342
0
18483
0
36884
50035
0
128943
74140
0
128721
0
12310
314150
0
94165
0
108374
43557
98372
0
0
123201
314133
188279
135353
75274
146974
61536
0
36867
44268
83941
0
0
200354
79771
0
339655
0
0
23962
0
22062
62326
40376
5013
0
0
0
0
139421
2342
32207
91849
95723
0
4704
74788
0
30897
0
0
189535
29584
124377
0
69753
74487
0
0
68308
11328
148135
9947
0
0
0
0
0
71939
348669
0
146211
80666
0
31678
95350
0
0
0
41423
237900
0
0
0
0
0
154468
0
61242
135582
71176
0
0
0
104251
0
83755
18433
0
16334
142511
48657
51680
75160
0
0
173775
122972
0
0
0
94787
0
158208
24310
41026
58900
92843
13268
99371
97716
92064
12561
96007
0
42266
167479
128796
0
95931
195322
82703
0
0
0
209709
49988
0
63707
0
0
0
115131
213380
0
101852
0
40110
74848
132410
201691
81518
40279
85365
11369
95348
66997
0
0
0
79362
103467
32332
182346
0
79818
0
0
88865
0
26456
5820
36079
0
0
192506
0
0
130987
0
32710
0
25257
206925
0
181479
213921
0
0
0
82565
122982
0
156632
0
0
68765
49393
22497
0
0
48387
151957
21930
0
0
0
60067
0
0
0
123669
0
0
0
0
88157
344459
98064
28359
0
22662
0
220052
37462
0
93855
94557
50751
0
0
0
80818
82982
80564
0
0
210877
84566
144337
73415
0
81751
0
189861
0
0
155124
0
0
142222
0
0
103060
154743
192915
99685
0
0
92412
130169
0
81229
0
0
0
0
40124
0
0
0
97861
17556
0
0
0
124748
0
0
0
0
0
125050
175487
170560
140719
76474
0
128753
54956
0
0
0
0
42720
92077
268995
0
157067
0
303192
181069
33556
0
0
0
292
97925
0
34708
0
0
0
0
298633
0
0
0
0
13293
189457
112938
98579
0
0
0
60430
130
0
79013
78171
77435
0
79975
12795
0
0
0
0
239221
10157
0
0
182668
47651
29496
125691
92795
72999
0
71095
142321
0
0
112007
45889
94750
120924
48099
28994
0
0
69828
124782
107963
0
27647
0
0
94514
0
0
21707
0
194189
0
155385
0
0
0
61086
0
97193
0
85681
0
13311
54682
0
67590
0
211133
75032
0
124085
0
0
0
121657
68557
0
101674
0
0
106988
26225
0
162046
91719
61577
256107
157845
0
0
0
34808
0
212187
31894
0
158740
97172
117943
0
102412
94674
80714
110720
155071
0
0
0
75912
26067
78254
0
135939
0
0
0
159330
6767
19615
124641
29163
0
0
2895
96581
0
76135
29231
50367
0
44638
134039
556
212444
0
12541
0
0
0
0
0
0
99321
0
0
127589
0
0
95265
28260
0
232915
41215
54318
0
0
113533
0
0
97191
84946
0
117922
57126
78522
97361
0
0
69335
90785
81431
76863
0
0
68462
18802
0
0
0
0
6912
161020
0
0
95265
107905
185910
1135
0
89658
51970
0
162857
28642
94306
0
121028
0
0
22658
0
0
74244
71267
45649
56930
68986
0
0
16325
0
0
78530
0
47403
56303
97357
0
168749
161911
54514
0
99077
42571
0
64971
0
94377
66623
0
65213
162324
93199
57835
0
57806
34947
65851
49081
0
63250
0
0
68074
96069
78331
0
367377
76973
0
0
195839
0
147176
0
225637
41795
152499
0
0
0
170841
0
277997
96284
15757
38483
157573
0
0
0
159570
0
0
52234
0
159155
84885
39891
94976
76161
0
115123
136763
0
123402
0
0
132012
0
15265
89005
76246
151821
16525
77569
0
120773
0
0
95945
88368
0
88900
0
94388
118899
184748
120078
58814
0
0
0
0
37863
53945
0
0
0
115426
0
68597
15384
35276
0
0
0
25370
0
125289
178543
0
46925
184974
0
0
19359
79283
62297
0
63317
132459
96633
0
0
0
0
0
0
37361
179129
21575
173855
23668
82714
0
149626
112894
65888
0
0
0
0
87052
0
0
24858
64988
0
0
5696
15575
96305
89397
83218
149966
0
0
0
16731
234709
0
47878
140767
164135
62490
48788
0
12107
161785
0
93645
58656
0
0
0
47221
86536
89373
0
89128
77850
89006
85121
54071
0
0
0
60544
9126
87619
26950
0
0
0
0
0
0
49664
0
0
88051
0
0
0
0
0
79750
32019
94993
0
75860
0
54472
76229
157264
0
195992
62659
35351
71553
24099
68039
267595
9134
0
47345
0
0
107721
201310
45318
0
0
12890
0
0
43520
183248
160307
0
187415
0
85805
0
6974
0
146286
93363
85978
68029
86374
97786
280463
224782
0
21791
94197
0
78734
0
176474
0
0
103573
25401
0
0
142997
90787
0
0
193845
34884
129998
0
0
94829
32536
96896
185377
0
62324
101144
91551
80600
0
0
172645
0
109087
56004
0
97576
38622
0
131677
50116
0
70453
0
13367
208461
0
99206
168780
0
0
76052
268817
117115
186048
32011
51746
130105
0
62231
0
0
79288
7659
54702
0
4685
0
16535
22520
96192
120839
146903
0
32180
0
0
22930
0
92943
0
32110
0
196308
0
324772
0
27066
94350
1801
0
0
0
111434
167558
103879
0
235971
24670
41676
77973
113702
0
17881
0
0
61049
18776
75462
77238
0
148690
16899
0
0
104197
6159
0
0
0
190154
97679
77943
260365
69495
71241
127053
76283
0
94557
0
0
15264
0
166661
31308
81608
28905
83698
69815
0
52193
53650
0
105127
110926
95236
100274
27008
104238
17496
0
87413
0
0
29720
66311
0
0
0
132918
0
108095
101869
69618
0
44053
150841
176725
0
165443
93630
87773
222278
0
47276
91581
74771
219448
0
134190
72600
122453
0
76568
40574
89300
0
128415
0
62277
0
154263
0
65570
0
0
153005
0
0
147594
0
21815
70273
361134
0
152211
188085
90487
0
251797
174122
0
40754
0
88156
94584
72377
102239
34633
0
89258
142336
0
0
179676
0
43034
83672
184439
0
83090
0
228678
144360
66996
0
45783
0
41953
54737
39206
87540
0
163609
0
0
0
0
239462
380406
173495
132668
0
78903
207869
77716
66619
272388
94277
0
0
21976
0
95903
0
21422
57035
87146
0
26201
0
53079
77516
28385
4863
58158
10733
0
87293
61465
0
47044
106070
117757
55255
0
91137
88191
0
51554
53978
27833
85973
173958
52524
71593
115931
43781
0
0
176671
0
171648
0
0
88870
99207
98511
0
0
147026
57345
0
0
163793
0
69430
167528
0
0
0
71865
0
0
168057
50500
108323
73079
96504
0
0
65228
0
0
148600
0
72401
115279
134752
143840
294805
97947
30747
907
0
0
202967
109966
0
153922
79187
0
0
0
95343
342639
23601
0
66629
149504
0
150212
317316
233442
0
0
0
0
83361
0
80565
0
0
99199
100821
119006
54526
184382
93868
124582
84152
0
0
0
72686
0
13611
0
36491
209204
233782
0
18834
0
0
104847
31582
126086
42117
0
155813
67627
0
33045
92361
145665
211072
35712
33022
105596
0
149516
0
69480
0
104438
62756
48652
0
0
223460
85155
6849
341611
50257
89714
58034
0
0
0
119471
0
0
47902
11157
0
242881
0
0
0
0
147001
0
0
62819
65431
53791
0
89056
0
9754
0
0
23008
0
0
0
0
67261
122842
0
0
0
157045
0
210112
86537
63477
0
0
114726
95603
137753
95957
137819
0
121231
0
185205
73922
0
0
61407
86974
152338
83379
157917
61402
0
0
0
0
138985
146564
0
176976
0
130999
0
159032
0
329258
0
12987
278893
339079
82501
149987
0
0
0
42909
51887
0
0
52797
27948
0
267869
82268
184487
0
139549
0
96500
0
180975
88726
154653
97200
0
0
69342
0
95135
92111
53025
201634
56623
137676
65899
82290
193902
99151
0
76821
160824
0
0
0
70521
62795
66718
0
205151
0
0
325274
72598
129362
13156
48474
134046
0
0
29677
0
0
0
0
157348
0
0
89873
72064
0
34152
143013
161812
162512
73556
0
133369
0
0
164668
259764
0
87476
73813
0
153477
35428
142421
126477
72087
39755
44381
157953
45759
0
0
41741
153351
130752
0
0
17553
39185
0
264153
17372
88205
37941
75266
0
0
0
141081
0
0
2296
76858
113660
33152
0
0
66619
49470
156163
162685
0
171479
0
151627
0
190845
0
158570
11133
0
61550
0
0
56256
130827
104820
156352
62704
52386
0
166891
39041
0
0
0
51243
54764
88112
0
32321
0
46096
0
0
105781
0
0
0
0
79692
0
0
0
140929
0
46789
30248
58500
151543
88864
71684
102247
95586
128730
0
102135
178303
71427
0
0
59881
0
0
75915
91478
67990
0
56345
139402
267058
81829
171952
0
67086
0
175973
56094
73932
100175
0
0
143324
0
147410
84120
146296
0
159485
61482
0
0
0
96415
38833
0
0
75597
0
0
0
139772
0
0
7824
79263
246526
0
0
0
0
0
176926
0
0
0
0
91803
0
86330
58592
97796
119954
206257
50810
0
0
33454
0
368059
4327
0
0
197684
114798
201013
97011
0
0
13441
38828
31287
74420
0
0
80788
78311
0
0
0
0
109036
19718
0
0
40450
15978
173789
97672
0
0
78711
166218
75668
75405
0
78917
0
0
39867
0
110333
61889
94509
0
0
61362
0
0
30474
0
30706
11738
0
146524
0
0
62009
95772
0
0
102505
0
0
0
123413
77458
0
56953
0
0
0
0
0
0
0
0
0
39326
54257
0
9991
208916
12949
77402
32738
96842
62530
191530
21575
0
128426
279824
34233
154124
0
34608
0
0
84361
0
0
326813
3084
96121
95308
101640
87430
62460
95974
327671
69010
74906
56970
83535
0
183106
51611
0
0
69919
0
0
0
59643
38586
100090
85716
0
0
117226
150203
169704
0
62799
0
40121
0
98915
0
0
19358
0
185256
107808
62269
159989
0
78294
0
0
54151
0
0
121860
0
0
0
84280
0
0
0
0
0
0
0
0
51182
83309
102860
226241
89530
86858
0
0
49381
0
94544
0
17905
7857
0
104774
73076
366859
0
4901
0
97149
44039
0
34329
194412
93771
90954
83982
0
0
0
66532
43973
0
85951
86557
103831
0
0
173628
82972
162372
122753
187926
89536
0
0
51206
0
0
313169
0
0
52370
0
0
80885
95645
0
39783
30978
33007
0
47102
0
0
0
77603
119435
300123
0
0
136944
171199
0
117761
0
58888
0
82581
191835
175995
0
0
84763
170942
0
293012
92716
42390
18720
0
96582
0
0
30574
0
76310
0
111550
0
92654
0
0
87840
0
16056
97904
102951
0
0
0
268725
165116
9510
123540
0
10170
0
93717
0
138429
96166
72051
213072
0
122851
95920
92477
137177
93506
0
97390
77392
170541
44499
36910
0
94594
0
19031
103212
92739
169785
0
99916
40942
75014
0
30872
122986
71795
0
119710
252323
12216
92546
0
260595
176871
0
0
0
117013
35302
0
159416
98692
181038
109439
9580
0
0
0
49664
126530
0
52198
56364
941
51115
214976
0
154401
81877
0
0
0
79238
0
87980
67194
90961
123928
0
268584
0
97606
134224
0
33462
50253
150021
77945
0
0
64983
1408
0
32090
75104
9134
0
0
66889
0
109211
0
88532
96165
0
89604
0
0
53368
142108
60835
90266
72192
96489
117132
81401
0
0
168931
64329
0
110164
0
49151
75447
0
26066
0
82302
4334
39693
33598
63135
102774
131149
92619
76447
13329
0
51879
92021
33718
47132
63669
124206
80127
0
0
135433
127203
98971
96939
86544
0
0
181070
79465
35776
18518
0
0
0
0
45538
70320
0
116315
0
78547
0
0
64347
0
0
0
35065
131042
178065
0
90604
0
132629
33932
0
0
79108
83926
108093
0
0
50290
41990
131969
0
74127
97231
0
0
0
63675
0
158718
233318
0
0
0
68478
65412
83647
19521
0
0
265443
0
114682
0
76564
182387
0
91438
78641
141092
0
25032
0
77787
0
144851
4696
98166
98737
0
61015
117619
47839
73794
149382
48772
0
0
53613
163583
77061
0
70192
0
147629
0
86598
84368
22199
126857
5829
129971
0
0
0
0
107982
193576
33000
0
0
81927
0
153171
61257
143365
46619
0
0
94202
90687
194922
254193
0
114327
0
81790
98299
0
78707
0
249084
76102
0
0
84668
43273
119996
0
0
36271
0
89060
34339
0
55169
0
113364
94384
65905
136763
39851
46320
184562
67341
0
0
139530
55200
0
142381
63289
74759
66101
210358
0
95559
48158
89605
0
93457
0
68913
50628
954
139299
0
0
0
0
103615
68677
0
81357
6417
153623
85804
0
346135
125396
0
285832
0
145538
40446
24248
182136
0
0
180991
82593
0
100051
86985
35480
41905
0
81565
0
0
173863
0
162079
161633
0
23833
93418
57033
50366
0
28488
6003
68371
62763
78135
0
149999
29101
55796
79865
108789
0
85266
96812
22175
0
91741
18376
295226
0
138287
0
50613
90133
306968
78940
0
109255
61648
0
45802
0
98947
90679
158902
0
0
260756
60548
87194
47338
0
118002
201382
51423
0
0
165657
0
0
40995
32534
10502
0
12824
53464
198295
0
0
164942
0
0
126669
0
0
0
0
283875
61303
29252
88133
0
23518
243507
17782
98729
74225
227944
0
87981
81710
140196
73311
92693
87745
83023
0
0
0
0
34381
131588
63485
0
96901
85949
6761
58562
72619
125738
6501
186339
21660
60691
140007
94373
0
154302
0
91551
85581
178028
0
87675
168308
0
95577
41029
13086
0
58793
60414
0
0
118265
0
0
57895
0
20899
45300
47642
83654
71961
308328
89768
163147
17174
218337
15760
0
0
0
0
84657
88270
50179
118413
90896
99534
35363
0
62511
0
180395
0
0
0
0
0
93932
154113
93625
0
0
0
103966
86863
0
13959
0
87668
167494
49073
72691
57645
92871
0
71341
0
163462
51038
0
82453
75940
0
0
76459
152995
0
0
0
78245
0
131325
60877
0
19883
53230
63125
0
0
14918
9486
111150
16588
56972
94233
33931
334582
71480
0
0
79607
75845
42764
138207
110124
154585
164351
0
628
0
0
0
0
0
94636
0
210645
46574
75711
67366
123017
0
26960
186408
11885
133769
0
0
92187
163467
28202
100858
169742
67795
64589
0
91006
189019
96810
0
20980
67304
0
0
145293
99978
0
0
104745
0
223796
113838
45850
15104
58513
0
130559
0
0
0
40113
0
0
0
86264
0
0
76825
0
81271
0
11293
4252
63065
0
0
98857
94490
0
0
143219
98527
0
0
24955
0
0
210001
98945
101786
269497
69790
101241
117272
0
0
0
31253
139716
199208
61706
0
0
338517
23936
65274
133184
237337
31032
0
0
290305
0
0
124007
0
0
0
92423
251779
0
31838
0
50350
18024
0
55132
227796
97057
77647
0
117602
0
68491
99943
0
0
0
111382
6639
42241
0
0
0
0
0
0
0
0
0
23132
0
0
0
0
0
182631
245011
0
0
86870
0
81179
0
0
0
0
99858
0
1421
0
60332
0
232571
0
96055
0
0
82525
79128
0
0
165134
228861
0
0
99766
64151
0
112459
0
96243
65082
0
0
45546
66752
0
110542
113532
0
94842
0
0
0
93948
0
23121
147947
46852
143341
284215
78644
0
221683
149714
96477
63432
113395
0
6188
48619
86680
37247
109855
0
0
0
0
77545
0
0
0
0
0
1637
230609
0
60487
0
0
322108
11988
177969
0
0
0
257275
72744
82633
0
93565
19255
9447
0
0
93862
0
0
83557
99939
90614
0
118336
138074
0
40578
0
0
0
20145
0
95341
0
199961
291281
90076
0
77332
27142
0
288021
95850
80523
73711
7570
120980
94602
163749
0
0
0
0
198708
0
0
0
0
0
77936
0
79924
0
141918
0
84198
99237
0
94183
0
150881
7636
86771
0
0
0
0
71512
57189
91492
89527
142395
136335
105827
45999
0
47841
0
174987
269120
0
6398
0
93960
42255
35297
47321
132344
16662
0
0
234912
0
49453
0
291086
90045
56791
54842
18333
0
163692
0
117709
0
33553
109599
0
37979
119648
22462
0
0
136476
190516
0
0
0
98561
132253
0
12565
97274
0
0
348424
240976
130764
0
72274
41061
0
0
0
0
67077
33849
0
80876
0
0
128176
0
0
0
1431
52415
101237
0
0
99335
76615
64516
159355
0
98420
155337
0
0
204323
89705
125145
0
0
0
229441
0
13360
67042
0
0
51521
0
307311
0
0
143149
99377
73184
28431
0
59809
0
214091
169879
0
0
25234
0
151116
0
0
0
173971
65479
189453
0
32403
142931
0
0
35848
95287
61463
97354
0
0
33573
121218
0
0
0
88427
215425
0
0
44731
0
0
80388
0
161566
77899
0
302094
1855
254154
0
99226
0
0
78684
0
0
0
75887
182919
41022
60697
0
317621
0
0
9046
0
65932
0
50147
74933
0
0
0
0
0
83323
71786
0
141591
0
93455
74680
3670
0
76210
0
20125
96395
0
0
94359
0
98111
0
0
0
110686
7076
0
0
80958
0
0
50744
15667
160850
0
31556
87838
32018
23752
0
52034
0
118587
145525
92815
81729
0
85829
0
20132
0
48435
130172
16057
92881
0
0
0
126663
173067
41593
0
0
126532
0
115614
0
189954
0
0
69323
143108
0
56084
180102
107103
81653
204756
114917
124399
0
27009
118235
0
179272
189133
0
76207
52664
127608
27214
305312
56308
86840
203444
103154
146737
0
4218
0
70110
0
76323
40930
0
42613
74226
71677
151378
93371
0
0
28864
0
155665
100369
69060
0
15793
0
169415
54237
0
78392
141371
237676
0
0
0
16232
0
0
82527
95802
191741
241182
48519
0
109312
80133
0
0
145650
93084
60495
0
0
0
142554
19125
106512
244829
0
35532
0
53943
0
207684
100755
0
0
0
80298
0
0
61480
0
88099
0
38371
0
0
67885
60308
0
58926
99549
114056
25550
15227
0
0
0
39013
0
140625
0
110888
37391
28318
66634
